2017-05-22 18:45:27,491 - Log4JLogChute initialized using file 'velocity.log'
2017-05-22 18:45:27,492 - Velocity was not initialized! Calling init()...
2017-05-22 18:45:27,492 - Starting Apache Velocity v1.5 (compiled: 2007-02-22 08:52:29)
2017-05-22 18:45:27,492 - Default Properties File: org\apache\velocity\runtime\defaults\velocity.properties
2017-05-22 18:45:27,492 - Trying to use logger class org.apache.velocity.runtime.log.AvalonLogChute
2017-05-22 18:45:27,493 - Couldn't find class org.apache.velocity.runtime.log.AvalonLogChute or necessary supporting classes in classpath.
java.lang.NoClassDefFoundError: org/apache/log/format/Formatter
	at java.lang.Class.forName0(Native Method)
	at java.lang.Class.forName(Class.java:348)
	at org.apache.velocity.util.ClassUtils.getClass(ClassUtils.java:63)
	at org.apache.velocity.util.ClassUtils.getNewInstance(ClassUtils.java:95)
	at org.apache.velocity.runtime.log.LogManager.createLogChute(LogManager.java:147)
	at org.apache.velocity.runtime.log.LogManager.updateLog(LogManager.java:208)
	at org.apache.velocity.runtime.RuntimeInstance.initializeLog(RuntimeInstance.java:728)
	at org.apache.velocity.runtime.RuntimeInstance.init(RuntimeInstance.java:240)
	at org.apache.velocity.runtime.RuntimeInstance.parse(RuntimeInstance.java:993)
	at org.apache.velocity.runtime.RuntimeInstance.parse(RuntimeInstance.java:972)
	at org.apache.velocity.runtime.RuntimeSingleton.parse(RuntimeSingleton.java:265)
	at org.apache.velocity.app.Velocity.evaluate(Velocity.java:274)
	at org.sonatype.mavenbook.weather.WeatherFormatter.format(WeatherFormatter.java:23)
	at org.sonatype.mavenbook.weather.WeatherFormatterTest.testFormat(WeatherFormatterTest.java:23)
	at sun.reflect.NativeMethodAccessorImpl.invoke0(Native Method)
	at sun.reflect.NativeMethodAccessorImpl.invoke(NativeMethodAccessorImpl.java:62)
	at sun.reflect.DelegatingMethodAccessorImpl.invoke(DelegatingMethodAccessorImpl.java:43)
	at java.lang.reflect.Method.invoke(Method.java:498)
	at junit.framework.TestCase.runTest(TestCase.java:154)
	at junit.framework.TestCase.runBare(TestCase.java:127)
	at junit.framework.TestResult$1.protect(TestResult.java:106)
	at junit.framework.TestResult.runProtected(TestResult.java:124)
	at junit.framework.TestResult.run(TestResult.java:109)
	at junit.framework.TestCase.run(TestCase.java:118)
	at junit.framework.TestSuite.runTest(TestSuite.java:208)
	at junit.framework.TestSuite.run(TestSuite.java:203)
	at sun.reflect.NativeMethodAccessorImpl.invoke0(Native Method)
	at sun.reflect.NativeMethodAccessorImpl.invoke(NativeMethodAccessorImpl.java:62)
	at sun.reflect.DelegatingMethodAccessorImpl.invoke(DelegatingMethodAccessorImpl.java:43)
	at java.lang.reflect.Method.invoke(Method.java:498)
	at org.apache.maven.surefire.junit.JUnitTestSet.execute(JUnitTestSet.java:95)
	at org.apache.maven.surefire.junit.JUnit3Provider.executeTestSet(JUnit3Provider.java:121)
	at org.apache.maven.surefire.junit.JUnit3Provider.invoke(JUnit3Provider.java:98)
	at sun.reflect.NativeMethodAccessorImpl.invoke0(Native Method)
	at sun.reflect.NativeMethodAccessorImpl.invoke(NativeMethodAccessorImpl.java:62)
	at sun.reflect.DelegatingMethodAccessorImpl.invoke(DelegatingMethodAccessorImpl.java:43)
	at java.lang.reflect.Method.invoke(Method.java:498)
	at org.apache.maven.surefire.util.ReflectionUtils.invokeMethodWithArray(ReflectionUtils.java:189)
	at org.apache.maven.surefire.booter.ProviderFactory$ProviderProxy.invoke(ProviderFactory.java:165)
	at org.apache.maven.surefire.booter.ProviderFactory.invokeProvider(ProviderFactory.java:85)
	at org.apache.maven.surefire.booter.ForkedBooter.runSuitesInProcess(ForkedBooter.java:115)
	at org.apache.maven.surefire.booter.ForkedBooter.main(ForkedBooter.java:75)
Caused by: java.lang.ClassNotFoundException: org.apache.log.format.Formatter
	at java.net.URLClassLoader.findClass(URLClassLoader.java:381)
	at java.lang.ClassLoader.loadClass(ClassLoader.java:424)
	at sun.misc.Launcher$AppClassLoader.loadClass(Launcher.java:331)
	at java.lang.ClassLoader.loadClass(ClassLoader.java:357)
	... 42 more
2017-05-22 18:45:27,497 - Trying to use logger class org.apache.velocity.runtime.log.Log4JLogChute
2017-05-22 18:45:27,497 - Using logger class org.apache.velocity.runtime.log.Log4JLogChute
2017-05-22 18:45:27,499 - Default ResourceManager initializing. (class org.apache.velocity.runtime.resource.ResourceManagerImpl)
2017-05-22 18:45:27,502 - ResourceLoader instantiated: org.apache.velocity.runtime.resource.loader.FileResourceLoader
2017-05-22 18:45:27,503 - Do unicode file recognition:  false
2017-05-22 18:45:27,503 - FileResourceLoader : adding path '.'
2017-05-22 18:45:27,511 - ResourceCache: initialized (class org.apache.velocity.runtime.resource.ResourceCacheImpl)
2017-05-22 18:45:27,511 - Loaded System Directive: org.apache.velocity.runtime.directive.Literal
2017-05-22 18:45:27,512 - Loaded System Directive: org.apache.velocity.runtime.directive.Macro
2017-05-22 18:45:27,513 - Loaded System Directive: org.apache.velocity.runtime.directive.Parse
2017-05-22 18:45:27,515 - Loaded System Directive: org.apache.velocity.runtime.directive.Include
2017-05-22 18:45:27,515 - Loaded System Directive: org.apache.velocity.runtime.directive.Foreach
2017-05-22 18:45:27,538 - Created '20' parsers.
2017-05-22 18:45:27,543 - Velocimacro : "velocimacro.library" is not set.  Trying default library: VM_global_library.vm
2017-05-22 18:45:27,543 - Velocimacro : Default library not found.
2017-05-22 18:45:27,543 - Velocimacro : allowInline = true : VMs can be defined inline in templates
2017-05-22 18:45:27,543 - Velocimacro : allowInlineToOverride = false : VMs defined inline may NOT replace previous VM definitions
2017-05-22 18:45:27,543 - Velocimacro : allowInlineLocal = false : VMs defined inline will be global in scope if allowed.
2017-05-22 18:45:27,543 - Velocimacro : autoload off : VM system will not automatically reload global library macros
2017-05-22 19:40:37,127 - Log4JLogChute initialized using file 'velocity.log'
2017-05-22 19:40:37,128 - Velocity was not initialized! Calling init()...
2017-05-22 19:40:37,128 - Starting Apache Velocity v1.5 (compiled: 2007-02-22 08:52:29)
2017-05-22 19:40:37,128 - Default Properties File: org\apache\velocity\runtime\defaults\velocity.properties
2017-05-22 19:40:37,128 - Trying to use logger class org.apache.velocity.runtime.log.AvalonLogChute
2017-05-22 19:40:37,129 - Couldn't find class org.apache.velocity.runtime.log.AvalonLogChute or necessary supporting classes in classpath.
java.lang.NoClassDefFoundError: org/apache/log/format/Formatter
	at java.lang.Class.forName0(Native Method)
	at java.lang.Class.forName(Class.java:348)
	at org.apache.velocity.util.ClassUtils.getClass(ClassUtils.java:63)
	at org.apache.velocity.util.ClassUtils.getNewInstance(ClassUtils.java:95)
	at org.apache.velocity.runtime.log.LogManager.createLogChute(LogManager.java:147)
	at org.apache.velocity.runtime.log.LogManager.updateLog(LogManager.java:208)
	at org.apache.velocity.runtime.RuntimeInstance.initializeLog(RuntimeInstance.java:728)
	at org.apache.velocity.runtime.RuntimeInstance.init(RuntimeInstance.java:240)
	at org.apache.velocity.runtime.RuntimeInstance.parse(RuntimeInstance.java:993)
	at org.apache.velocity.runtime.RuntimeInstance.parse(RuntimeInstance.java:972)
	at org.apache.velocity.runtime.RuntimeSingleton.parse(RuntimeSingleton.java:265)
	at org.apache.velocity.app.Velocity.evaluate(Velocity.java:274)
	at org.sonatype.mavenbook.weather.WeatherFormatter.format(WeatherFormatter.java:23)
	at org.sonatype.mavenbook.weather.WeatherFormatterTest.testFormat(WeatherFormatterTest.java:23)
	at sun.reflect.NativeMethodAccessorImpl.invoke0(Native Method)
	at sun.reflect.NativeMethodAccessorImpl.invoke(NativeMethodAccessorImpl.java:62)
	at sun.reflect.DelegatingMethodAccessorImpl.invoke(DelegatingMethodAccessorImpl.java:43)
	at java.lang.reflect.Method.invoke(Method.java:498)
	at junit.framework.TestCase.runTest(TestCase.java:154)
	at junit.framework.TestCase.runBare(TestCase.java:127)
	at junit.framework.TestResult$1.protect(TestResult.java:106)
	at junit.framework.TestResult.runProtected(TestResult.java:124)
	at junit.framework.TestResult.run(TestResult.java:109)
	at junit.framework.TestCase.run(TestCase.java:118)
	at junit.framework.TestSuite.runTest(TestSuite.java:208)
	at junit.framework.TestSuite.run(TestSuite.java:203)
	at sun.reflect.NativeMethodAccessorImpl.invoke0(Native Method)
	at sun.reflect.NativeMethodAccessorImpl.invoke(NativeMethodAccessorImpl.java:62)
	at sun.reflect.DelegatingMethodAccessorImpl.invoke(DelegatingMethodAccessorImpl.java:43)
	at java.lang.reflect.Method.invoke(Method.java:498)
	at org.apache.maven.surefire.junit.JUnitTestSet.execute(JUnitTestSet.java:95)
	at org.apache.maven.surefire.junit.JUnit3Provider.executeTestSet(JUnit3Provider.java:121)
	at org.apache.maven.surefire.junit.JUnit3Provider.invoke(JUnit3Provider.java:98)
	at sun.reflect.NativeMethodAccessorImpl.invoke0(Native Method)
	at sun.reflect.NativeMethodAccessorImpl.invoke(NativeMethodAccessorImpl.java:62)
	at sun.reflect.DelegatingMethodAccessorImpl.invoke(DelegatingMethodAccessorImpl.java:43)
	at java.lang.reflect.Method.invoke(Method.java:498)
	at org.apache.maven.surefire.util.ReflectionUtils.invokeMethodWithArray(ReflectionUtils.java:189)
	at org.apache.maven.surefire.booter.ProviderFactory$ProviderProxy.invoke(ProviderFactory.java:165)
	at org.apache.maven.surefire.booter.ProviderFactory.invokeProvider(ProviderFactory.java:85)
	at org.apache.maven.surefire.booter.ForkedBooter.runSuitesInProcess(ForkedBooter.java:115)
	at org.apache.maven.surefire.booter.ForkedBooter.main(ForkedBooter.java:75)
Caused by: java.lang.ClassNotFoundException: org.apache.log.format.Formatter
	at java.net.URLClassLoader.findClass(URLClassLoader.java:381)
	at java.lang.ClassLoader.loadClass(ClassLoader.java:424)
	at sun.misc.Launcher$AppClassLoader.loadClass(Launcher.java:331)
	at java.lang.ClassLoader.loadClass(ClassLoader.java:357)
	... 42 more
2017-05-22 19:40:37,131 - Trying to use logger class org.apache.velocity.runtime.log.Log4JLogChute
2017-05-22 19:40:37,131 - Using logger class org.apache.velocity.runtime.log.Log4JLogChute
2017-05-22 19:40:37,132 - Default ResourceManager initializing. (class org.apache.velocity.runtime.resource.ResourceManagerImpl)
2017-05-22 19:40:37,134 - ResourceLoader instantiated: org.apache.velocity.runtime.resource.loader.FileResourceLoader
2017-05-22 19:40:37,135 - Do unicode file recognition:  false
2017-05-22 19:40:37,135 - FileResourceLoader : adding path '.'
2017-05-22 19:40:37,145 - ResourceCache: initialized (class org.apache.velocity.runtime.resource.ResourceCacheImpl)
2017-05-22 19:40:37,145 - Loaded System Directive: org.apache.velocity.runtime.directive.Literal
2017-05-22 19:40:37,146 - Loaded System Directive: org.apache.velocity.runtime.directive.Macro
2017-05-22 19:40:37,147 - Loaded System Directive: org.apache.velocity.runtime.directive.Parse
2017-05-22 19:40:37,148 - Loaded System Directive: org.apache.velocity.runtime.directive.Include
2017-05-22 19:40:37,148 - Loaded System Directive: org.apache.velocity.runtime.directive.Foreach
2017-05-22 19:40:37,167 - Created '20' parsers.
2017-05-22 19:40:37,170 - Velocimacro : "velocimacro.library" is not set.  Trying default library: VM_global_library.vm
2017-05-22 19:40:37,170 - Velocimacro : Default library not found.
2017-05-22 19:40:37,170 - Velocimacro : allowInline = true : VMs can be defined inline in templates
2017-05-22 19:40:37,170 - Velocimacro : allowInlineToOverride = false : VMs defined inline may NOT replace previous VM definitions
2017-05-22 19:40:37,170 - Velocimacro : allowInlineLocal = false : VMs defined inline will be global in scope if allowed.
2017-05-22 19:40:37,170 - Velocimacro : autoload off : VM system will not automatically reload global library macros
2017-05-22 19:43:44,686 - Log4JLogChute initialized using file 'velocity.log'
2017-05-22 19:43:44,689 - Velocity was not initialized! Calling init()...
2017-05-22 19:43:44,689 - Starting Apache Velocity v1.5 (compiled: 2007-02-22 08:52:29)
2017-05-22 19:43:44,689 - Default Properties File: org\apache\velocity\runtime\defaults\velocity.properties
2017-05-22 19:43:44,689 - Trying to use logger class org.apache.velocity.runtime.log.AvalonLogChute
2017-05-22 19:43:44,690 - Couldn't find class org.apache.velocity.runtime.log.AvalonLogChute or necessary supporting classes in classpath.
java.lang.NoClassDefFoundError: org/apache/log/format/Formatter
	at java.lang.Class.forName0(Native Method)
	at java.lang.Class.forName(Class.java:348)
	at org.apache.velocity.util.ClassUtils.getClass(ClassUtils.java:63)
	at org.apache.velocity.util.ClassUtils.getNewInstance(ClassUtils.java:95)
	at org.apache.velocity.runtime.log.LogManager.createLogChute(LogManager.java:147)
	at org.apache.velocity.runtime.log.LogManager.updateLog(LogManager.java:208)
	at org.apache.velocity.runtime.RuntimeInstance.initializeLog(RuntimeInstance.java:728)
	at org.apache.velocity.runtime.RuntimeInstance.init(RuntimeInstance.java:240)
	at org.apache.velocity.runtime.RuntimeInstance.parse(RuntimeInstance.java:993)
	at org.apache.velocity.runtime.RuntimeInstance.parse(RuntimeInstance.java:972)
	at org.apache.velocity.runtime.RuntimeSingleton.parse(RuntimeSingleton.java:265)
	at org.apache.velocity.app.Velocity.evaluate(Velocity.java:274)
	at org.sonatype.mavenbook.weather.WeatherFormatter.format(WeatherFormatter.java:23)
	at org.sonatype.mavenbook.weather.WeatherFormatterTest.testFormat(WeatherFormatterTest.java:23)
	at sun.reflect.NativeMethodAccessorImpl.invoke0(Native Method)
	at sun.reflect.NativeMethodAccessorImpl.invoke(NativeMethodAccessorImpl.java:62)
	at sun.reflect.DelegatingMethodAccessorImpl.invoke(DelegatingMethodAccessorImpl.java:43)
	at java.lang.reflect.Method.invoke(Method.java:498)
	at junit.framework.TestCase.runTest(TestCase.java:154)
	at junit.framework.TestCase.runBare(TestCase.java:127)
	at junit.framework.TestResult$1.protect(TestResult.java:106)
	at junit.framework.TestResult.runProtected(TestResult.java:124)
	at junit.framework.TestResult.run(TestResult.java:109)
	at junit.framework.TestCase.run(TestCase.java:118)
	at junit.framework.TestSuite.runTest(TestSuite.java:208)
	at junit.framework.TestSuite.run(TestSuite.java:203)
	at sun.reflect.NativeMethodAccessorImpl.invoke0(Native Method)
	at sun.reflect.NativeMethodAccessorImpl.invoke(NativeMethodAccessorImpl.java:62)
	at sun.reflect.DelegatingMethodAccessorImpl.invoke(DelegatingMethodAccessorImpl.java:43)
	at java.lang.reflect.Method.invoke(Method.java:498)
	at org.apache.maven.surefire.junit.JUnitTestSet.execute(JUnitTestSet.java:95)
	at org.apache.maven.surefire.junit.JUnit3Provider.executeTestSet(JUnit3Provider.java:121)
	at org.apache.maven.surefire.junit.JUnit3Provider.invoke(JUnit3Provider.java:98)
	at sun.reflect.NativeMethodAccessorImpl.invoke0(Native Method)
	at sun.reflect.NativeMethodAccessorImpl.invoke(NativeMethodAccessorImpl.java:62)
	at sun.reflect.DelegatingMethodAccessorImpl.invoke(DelegatingMethodAccessorImpl.java:43)
	at java.lang.reflect.Method.invoke(Method.java:498)
	at org.apache.maven.surefire.util.ReflectionUtils.invokeMethodWithArray(ReflectionUtils.java:189)
	at org.apache.maven.surefire.booter.ProviderFactory$ProviderProxy.invoke(ProviderFactory.java:165)
	at org.apache.maven.surefire.booter.ProviderFactory.invokeProvider(ProviderFactory.java:85)
	at org.apache.maven.surefire.booter.ForkedBooter.runSuitesInProcess(ForkedBooter.java:115)
	at org.apache.maven.surefire.booter.ForkedBooter.main(ForkedBooter.java:75)
Caused by: java.lang.ClassNotFoundException: org.apache.log.format.Formatter
	at java.net.URLClassLoader.findClass(URLClassLoader.java:381)
	at java.lang.ClassLoader.loadClass(ClassLoader.java:424)
	at sun.misc.Launcher$AppClassLoader.loadClass(Launcher.java:331)
	at java.lang.ClassLoader.loadClass(ClassLoader.java:357)
	... 42 more
2017-05-22 19:43:44,694 - Trying to use logger class org.apache.velocity.runtime.log.Log4JLogChute
2017-05-22 19:43:44,694 - Using logger class org.apache.velocity.runtime.log.Log4JLogChute
2017-05-22 19:43:44,695 - Default ResourceManager initializing. (class org.apache.velocity.runtime.resource.ResourceManagerImpl)
2017-05-22 19:43:44,697 - ResourceLoader instantiated: org.apache.velocity.runtime.resource.loader.FileResourceLoader
2017-05-22 19:43:44,698 - Do unicode file recognition:  false
2017-05-22 19:43:44,699 - FileResourceLoader : adding path '.'
2017-05-22 19:43:44,713 - ResourceCache: initialized (class org.apache.velocity.runtime.resource.ResourceCacheImpl)
2017-05-22 19:43:44,714 - Loaded System Directive: org.apache.velocity.runtime.directive.Literal
2017-05-22 19:43:44,714 - Loaded System Directive: org.apache.velocity.runtime.directive.Macro
2017-05-22 19:43:44,715 - Loaded System Directive: org.apache.velocity.runtime.directive.Parse
2017-05-22 19:43:44,715 - Loaded System Directive: org.apache.velocity.runtime.directive.Include
2017-05-22 19:43:44,716 - Loaded System Directive: org.apache.velocity.runtime.directive.Foreach
2017-05-22 19:43:44,734 - Created '20' parsers.
2017-05-22 19:43:44,738 - Velocimacro : "velocimacro.library" is not set.  Trying default library: VM_global_library.vm
2017-05-22 19:43:44,738 - Velocimacro : Default library not found.
2017-05-22 19:43:44,738 - Velocimacro : allowInline = true : VMs can be defined inline in templates
2017-05-22 19:43:44,738 - Velocimacro : allowInlineToOverride = false : VMs defined inline may NOT replace previous VM definitions
2017-05-22 19:43:44,738 - Velocimacro : allowInlineLocal = false : VMs defined inline will be global in scope if allowed.
2017-05-22 19:43:44,738 - Velocimacro : autoload off : VM system will not automatically reload global library macros
2017-05-22 19:45:32,028 - Log4JLogChute initialized using file 'velocity.log'
2017-05-22 19:45:32,028 - Velocity was not initialized! Calling init()...
2017-05-22 19:45:32,028 - Starting Apache Velocity v1.5 (compiled: 2007-02-22 08:52:29)
2017-05-22 19:45:32,028 - Default Properties File: org\apache\velocity\runtime\defaults\velocity.properties
2017-05-22 19:45:32,028 - Trying to use logger class org.apache.velocity.runtime.log.AvalonLogChute
2017-05-22 19:45:32,029 - Couldn't find class org.apache.velocity.runtime.log.AvalonLogChute or necessary supporting classes in classpath.
java.lang.NoClassDefFoundError: org/apache/log/format/Formatter
	at java.lang.Class.forName0(Native Method)
	at java.lang.Class.forName(Class.java:348)
	at org.apache.velocity.util.ClassUtils.getClass(ClassUtils.java:63)
	at org.apache.velocity.util.ClassUtils.getNewInstance(ClassUtils.java:95)
	at org.apache.velocity.runtime.log.LogManager.createLogChute(LogManager.java:147)
	at org.apache.velocity.runtime.log.LogManager.updateLog(LogManager.java:208)
	at org.apache.velocity.runtime.RuntimeInstance.initializeLog(RuntimeInstance.java:728)
	at org.apache.velocity.runtime.RuntimeInstance.init(RuntimeInstance.java:240)
	at org.apache.velocity.runtime.RuntimeInstance.parse(RuntimeInstance.java:993)
	at org.apache.velocity.runtime.RuntimeInstance.parse(RuntimeInstance.java:972)
	at org.apache.velocity.runtime.RuntimeSingleton.parse(RuntimeSingleton.java:265)
	at org.apache.velocity.app.Velocity.evaluate(Velocity.java:274)
	at org.sonatype.mavenbook.weather.WeatherFormatter.format(WeatherFormatter.java:23)
	at org.sonatype.mavenbook.weather.WeatherFormatterTest.testFormat(WeatherFormatterTest.java:23)
	at sun.reflect.NativeMethodAccessorImpl.invoke0(Native Method)
	at sun.reflect.NativeMethodAccessorImpl.invoke(NativeMethodAccessorImpl.java:62)
	at sun.reflect.DelegatingMethodAccessorImpl.invoke(DelegatingMethodAccessorImpl.java:43)
	at java.lang.reflect.Method.invoke(Method.java:498)
	at junit.framework.TestCase.runTest(TestCase.java:154)
	at junit.framework.TestCase.runBare(TestCase.java:127)
	at junit.framework.TestResult$1.protect(TestResult.java:106)
	at junit.framework.TestResult.runProtected(TestResult.java:124)
	at junit.framework.TestResult.run(TestResult.java:109)
	at junit.framework.TestCase.run(TestCase.java:118)
	at junit.framework.TestSuite.runTest(TestSuite.java:208)
	at junit.framework.TestSuite.run(TestSuite.java:203)
	at sun.reflect.NativeMethodAccessorImpl.invoke0(Native Method)
	at sun.reflect.NativeMethodAccessorImpl.invoke(NativeMethodAccessorImpl.java:62)
	at sun.reflect.DelegatingMethodAccessorImpl.invoke(DelegatingMethodAccessorImpl.java:43)
	at java.lang.reflect.Method.invoke(Method.java:498)
	at org.apache.maven.surefire.junit.JUnitTestSet.execute(JUnitTestSet.java:95)
	at org.apache.maven.surefire.junit.JUnit3Provider.executeTestSet(JUnit3Provider.java:121)
	at org.apache.maven.surefire.junit.JUnit3Provider.invoke(JUnit3Provider.java:98)
	at sun.reflect.NativeMethodAccessorImpl.invoke0(Native Method)
	at sun.reflect.NativeMethodAccessorImpl.invoke(NativeMethodAccessorImpl.java:62)
	at sun.reflect.DelegatingMethodAccessorImpl.invoke(DelegatingMethodAccessorImpl.java:43)
	at java.lang.reflect.Method.invoke(Method.java:498)
	at org.apache.maven.surefire.util.ReflectionUtils.invokeMethodWithArray(ReflectionUtils.java:189)
	at org.apache.maven.surefire.booter.ProviderFactory$ProviderProxy.invoke(ProviderFactory.java:165)
	at org.apache.maven.surefire.booter.ProviderFactory.invokeProvider(ProviderFactory.java:85)
	at org.apache.maven.surefire.booter.ForkedBooter.runSuitesInProcess(ForkedBooter.java:115)
	at org.apache.maven.surefire.booter.ForkedBooter.main(ForkedBooter.java:75)
Caused by: java.lang.ClassNotFoundException: org.apache.log.format.Formatter
	at java.net.URLClassLoader.findClass(URLClassLoader.java:381)
	at java.lang.ClassLoader.loadClass(ClassLoader.java:424)
	at sun.misc.Launcher$AppClassLoader.loadClass(Launcher.java:331)
	at java.lang.ClassLoader.loadClass(ClassLoader.java:357)
	... 42 more
2017-05-22 19:45:32,036 - Trying to use logger class org.apache.velocity.runtime.log.Log4JLogChute
2017-05-22 19:45:32,036 - Using logger class org.apache.velocity.runtime.log.Log4JLogChute
2017-05-22 19:45:32,038 - Default ResourceManager initializing. (class org.apache.velocity.runtime.resource.ResourceManagerImpl)
2017-05-22 19:45:32,040 - ResourceLoader instantiated: org.apache.velocity.runtime.resource.loader.FileResourceLoader
2017-05-22 19:45:32,041 - Do unicode file recognition:  false
2017-05-22 19:45:32,041 - FileResourceLoader : adding path '.'
2017-05-22 19:45:32,048 - ResourceCache: initialized (class org.apache.velocity.runtime.resource.ResourceCacheImpl)
2017-05-22 19:45:32,049 - Loaded System Directive: org.apache.velocity.runtime.directive.Literal
2017-05-22 19:45:32,049 - Loaded System Directive: org.apache.velocity.runtime.directive.Macro
2017-05-22 19:45:32,050 - Loaded System Directive: org.apache.velocity.runtime.directive.Parse
2017-05-22 19:45:32,051 - Loaded System Directive: org.apache.velocity.runtime.directive.Include
2017-05-22 19:45:32,051 - Loaded System Directive: org.apache.velocity.runtime.directive.Foreach
2017-05-22 19:45:32,072 - Created '20' parsers.
2017-05-22 19:45:32,076 - Velocimacro : "velocimacro.library" is not set.  Trying default library: VM_global_library.vm
2017-05-22 19:45:32,076 - Velocimacro : Default library not found.
2017-05-22 19:45:32,076 - Velocimacro : allowInline = true : VMs can be defined inline in templates
2017-05-22 19:45:32,076 - Velocimacro : allowInlineToOverride = false : VMs defined inline may NOT replace previous VM definitions
2017-05-22 19:45:32,076 - Velocimacro : allowInlineLocal = false : VMs defined inline will be global in scope if allowed.
2017-05-22 19:45:32,076 - Velocimacro : autoload off : VM system will not automatically reload global library macros
2017-05-22 19:52:45,163 - Log4JLogChute initialized using file 'velocity.log'
2017-05-22 19:52:45,164 - Velocity was not initialized! Calling init()...
2017-05-22 19:52:45,164 - Starting Apache Velocity v1.5 (compiled: 2007-02-22 08:52:29)
2017-05-22 19:52:45,164 - Default Properties File: org\apache\velocity\runtime\defaults\velocity.properties
2017-05-22 19:52:45,164 - Trying to use logger class org.apache.velocity.runtime.log.AvalonLogChute
2017-05-22 19:52:45,165 - Couldn't find class org.apache.velocity.runtime.log.AvalonLogChute or necessary supporting classes in classpath.
java.lang.NoClassDefFoundError: org/apache/log/format/Formatter
	at java.lang.Class.forName0(Native Method)
	at java.lang.Class.forName(Class.java:348)
	at org.apache.velocity.util.ClassUtils.getClass(ClassUtils.java:63)
	at org.apache.velocity.util.ClassUtils.getNewInstance(ClassUtils.java:95)
	at org.apache.velocity.runtime.log.LogManager.createLogChute(LogManager.java:147)
	at org.apache.velocity.runtime.log.LogManager.updateLog(LogManager.java:208)
	at org.apache.velocity.runtime.RuntimeInstance.initializeLog(RuntimeInstance.java:728)
	at org.apache.velocity.runtime.RuntimeInstance.init(RuntimeInstance.java:240)
	at org.apache.velocity.runtime.RuntimeInstance.parse(RuntimeInstance.java:993)
	at org.apache.velocity.runtime.RuntimeInstance.parse(RuntimeInstance.java:972)
	at org.apache.velocity.runtime.RuntimeSingleton.parse(RuntimeSingleton.java:265)
	at org.apache.velocity.app.Velocity.evaluate(Velocity.java:274)
	at org.sonatype.mavenbook.weather.WeatherFormatter.format(WeatherFormatter.java:23)
	at org.sonatype.mavenbook.weather.WeatherFormatterTest.testFormat(WeatherFormatterTest.java:23)
	at sun.reflect.NativeMethodAccessorImpl.invoke0(Native Method)
	at sun.reflect.NativeMethodAccessorImpl.invoke(NativeMethodAccessorImpl.java:62)
	at sun.reflect.DelegatingMethodAccessorImpl.invoke(DelegatingMethodAccessorImpl.java:43)
	at java.lang.reflect.Method.invoke(Method.java:498)
	at junit.framework.TestCase.runTest(TestCase.java:154)
	at junit.framework.TestCase.runBare(TestCase.java:127)
	at junit.framework.TestResult$1.protect(TestResult.java:106)
	at junit.framework.TestResult.runProtected(TestResult.java:124)
	at junit.framework.TestResult.run(TestResult.java:109)
	at junit.framework.TestCase.run(TestCase.java:118)
	at junit.framework.TestSuite.runTest(TestSuite.java:208)
	at junit.framework.TestSuite.run(TestSuite.java:203)
	at sun.reflect.NativeMethodAccessorImpl.invoke0(Native Method)
	at sun.reflect.NativeMethodAccessorImpl.invoke(NativeMethodAccessorImpl.java:62)
	at sun.reflect.DelegatingMethodAccessorImpl.invoke(DelegatingMethodAccessorImpl.java:43)
	at java.lang.reflect.Method.invoke(Method.java:498)
	at org.apache.maven.surefire.junit.JUnitTestSet.execute(JUnitTestSet.java:95)
	at org.apache.maven.surefire.junit.JUnit3Provider.executeTestSet(JUnit3Provider.java:121)
	at org.apache.maven.surefire.junit.JUnit3Provider.invoke(JUnit3Provider.java:98)
	at sun.reflect.NativeMethodAccessorImpl.invoke0(Native Method)
	at sun.reflect.NativeMethodAccessorImpl.invoke(NativeMethodAccessorImpl.java:62)
	at sun.reflect.DelegatingMethodAccessorImpl.invoke(DelegatingMethodAccessorImpl.java:43)
	at java.lang.reflect.Method.invoke(Method.java:498)
	at org.apache.maven.surefire.util.ReflectionUtils.invokeMethodWithArray(ReflectionUtils.java:189)
	at org.apache.maven.surefire.booter.ProviderFactory$ProviderProxy.invoke(ProviderFactory.java:165)
	at org.apache.maven.surefire.booter.ProviderFactory.invokeProvider(ProviderFactory.java:85)
	at org.apache.maven.surefire.booter.ForkedBooter.runSuitesInProcess(ForkedBooter.java:115)
	at org.apache.maven.surefire.booter.ForkedBooter.main(ForkedBooter.java:75)
Caused by: java.lang.ClassNotFoundException: org.apache.log.format.Formatter
	at java.net.URLClassLoader.findClass(URLClassLoader.java:381)
	at java.lang.ClassLoader.loadClass(ClassLoader.java:424)
	at sun.misc.Launcher$AppClassLoader.loadClass(Launcher.java:331)
	at java.lang.ClassLoader.loadClass(ClassLoader.java:357)
	... 42 more
2017-05-22 19:52:45,168 - Trying to use logger class org.apache.velocity.runtime.log.Log4JLogChute
2017-05-22 19:52:45,168 - Using logger class org.apache.velocity.runtime.log.Log4JLogChute
2017-05-22 19:52:45,171 - Default ResourceManager initializing. (class org.apache.velocity.runtime.resource.ResourceManagerImpl)
2017-05-22 19:52:45,173 - ResourceLoader instantiated: org.apache.velocity.runtime.resource.loader.FileResourceLoader
2017-05-22 19:52:45,174 - Do unicode file recognition:  false
2017-05-22 19:52:45,174 - FileResourceLoader : adding path '.'
2017-05-22 19:52:45,182 - ResourceCache: initialized (class org.apache.velocity.runtime.resource.ResourceCacheImpl)
2017-05-22 19:52:45,184 - Loaded System Directive: org.apache.velocity.runtime.directive.Literal
2017-05-22 19:52:45,185 - Loaded System Directive: org.apache.velocity.runtime.directive.Macro
2017-05-22 19:52:45,186 - Loaded System Directive: org.apache.velocity.runtime.directive.Parse
2017-05-22 19:52:45,187 - Loaded System Directive: org.apache.velocity.runtime.directive.Include
2017-05-22 19:52:45,188 - Loaded System Directive: org.apache.velocity.runtime.directive.Foreach
2017-05-22 19:52:45,206 - Created '20' parsers.
2017-05-22 19:52:45,210 - Velocimacro : "velocimacro.library" is not set.  Trying default library: VM_global_library.vm
2017-05-22 19:52:45,211 - Velocimacro : Default library not found.
2017-05-22 19:52:45,211 - Velocimacro : allowInline = true : VMs can be defined inline in templates
2017-05-22 19:52:45,211 - Velocimacro : allowInlineToOverride = false : VMs defined inline may NOT replace previous VM definitions
2017-05-22 19:52:45,211 - Velocimacro : allowInlineLocal = false : VMs defined inline will be global in scope if allowed.
2017-05-22 19:52:45,211 - Velocimacro : autoload off : VM system will not automatically reload global library macros
2017-05-22 23:39:36,584 - Log4JLogChute initialized using file 'velocity.log'
2017-05-22 23:39:36,584 - Velocity was not initialized! Calling init()...
2017-05-22 23:39:36,584 - Starting Apache Velocity v1.5 (compiled: 2007-02-22 08:52:29)
2017-05-22 23:39:36,584 - Default Properties File: org\apache\velocity\runtime\defaults\velocity.properties
2017-05-22 23:39:36,584 - Trying to use logger class org.apache.velocity.runtime.log.AvalonLogChute
2017-05-22 23:39:36,586 - Couldn't find class org.apache.velocity.runtime.log.AvalonLogChute or necessary supporting classes in classpath.
java.lang.NoClassDefFoundError: org/apache/log/format/Formatter
	at java.lang.Class.forName0(Native Method)
	at java.lang.Class.forName(Class.java:348)
	at org.apache.velocity.util.ClassUtils.getClass(ClassUtils.java:63)
	at org.apache.velocity.util.ClassUtils.getNewInstance(ClassUtils.java:95)
	at org.apache.velocity.runtime.log.LogManager.createLogChute(LogManager.java:147)
	at org.apache.velocity.runtime.log.LogManager.updateLog(LogManager.java:208)
	at org.apache.velocity.runtime.RuntimeInstance.initializeLog(RuntimeInstance.java:728)
	at org.apache.velocity.runtime.RuntimeInstance.init(RuntimeInstance.java:240)
	at org.apache.velocity.runtime.RuntimeInstance.parse(RuntimeInstance.java:993)
	at org.apache.velocity.runtime.RuntimeInstance.parse(RuntimeInstance.java:972)
	at org.apache.velocity.runtime.RuntimeSingleton.parse(RuntimeSingleton.java:265)
	at org.apache.velocity.app.Velocity.evaluate(Velocity.java:274)
	at org.sonatype.mavenbook.weather.WeatherFormatter.format(WeatherFormatter.java:23)
	at org.sonatype.mavenbook.weather.WeatherFormatterTest.testFormat(WeatherFormatterTest.java:23)
	at sun.reflect.NativeMethodAccessorImpl.invoke0(Native Method)
	at sun.reflect.NativeMethodAccessorImpl.invoke(NativeMethodAccessorImpl.java:62)
	at sun.reflect.DelegatingMethodAccessorImpl.invoke(DelegatingMethodAccessorImpl.java:43)
	at java.lang.reflect.Method.invoke(Method.java:498)
	at junit.framework.TestCase.runTest(TestCase.java:154)
	at junit.framework.TestCase.runBare(TestCase.java:127)
	at junit.framework.TestResult$1.protect(TestResult.java:106)
	at junit.framework.TestResult.runProtected(TestResult.java:124)
	at junit.framework.TestResult.run(TestResult.java:109)
	at junit.framework.TestCase.run(TestCase.java:118)
	at junit.framework.TestSuite.runTest(TestSuite.java:208)
	at junit.framework.TestSuite.run(TestSuite.java:203)
	at sun.reflect.NativeMethodAccessorImpl.invoke0(Native Method)
	at sun.reflect.NativeMethodAccessorImpl.invoke(NativeMethodAccessorImpl.java:62)
	at sun.reflect.DelegatingMethodAccessorImpl.invoke(DelegatingMethodAccessorImpl.java:43)
	at java.lang.reflect.Method.invoke(Method.java:498)
	at org.apache.maven.surefire.junit.JUnitTestSet.execute(JUnitTestSet.java:95)
	at org.apache.maven.surefire.junit.JUnit3Provider.executeTestSet(JUnit3Provider.java:121)
	at org.apache.maven.surefire.junit.JUnit3Provider.invoke(JUnit3Provider.java:98)
	at sun.reflect.NativeMethodAccessorImpl.invoke0(Native Method)
	at sun.reflect.NativeMethodAccessorImpl.invoke(NativeMethodAccessorImpl.java:62)
	at sun.reflect.DelegatingMethodAccessorImpl.invoke(DelegatingMethodAccessorImpl.java:43)
	at java.lang.reflect.Method.invoke(Method.java:498)
	at org.apache.maven.surefire.util.ReflectionUtils.invokeMethodWithArray(ReflectionUtils.java:189)
	at org.apache.maven.surefire.booter.ProviderFactory$ProviderProxy.invoke(ProviderFactory.java:165)
	at org.apache.maven.surefire.booter.ProviderFactory.invokeProvider(ProviderFactory.java:85)
	at org.apache.maven.surefire.booter.ForkedBooter.runSuitesInProcess(ForkedBooter.java:115)
	at org.apache.maven.surefire.booter.ForkedBooter.main(ForkedBooter.java:75)
Caused by: java.lang.ClassNotFoundException: org.apache.log.format.Formatter
	at java.net.URLClassLoader.findClass(URLClassLoader.java:381)
	at java.lang.ClassLoader.loadClass(ClassLoader.java:424)
	at sun.misc.Launcher$AppClassLoader.loadClass(Launcher.java:331)
	at java.lang.ClassLoader.loadClass(ClassLoader.java:357)
	... 42 more
2017-05-22 23:39:36,592 - Trying to use logger class org.apache.velocity.runtime.log.Log4JLogChute
2017-05-22 23:39:36,592 - Using logger class org.apache.velocity.runtime.log.Log4JLogChute
2017-05-22 23:39:36,592 - Default ResourceManager initializing. (class org.apache.velocity.runtime.resource.ResourceManagerImpl)
2017-05-22 23:39:36,594 - ResourceLoader instantiated: org.apache.velocity.runtime.resource.loader.FileResourceLoader
2017-05-22 23:39:36,596 - Do unicode file recognition:  false
2017-05-22 23:39:36,596 - FileResourceLoader : adding path '.'
2017-05-22 23:39:36,604 - ResourceCache: initialized (class org.apache.velocity.runtime.resource.ResourceCacheImpl)
2017-05-22 23:39:36,605 - Loaded System Directive: org.apache.velocity.runtime.directive.Literal
2017-05-22 23:39:36,605 - Loaded System Directive: org.apache.velocity.runtime.directive.Macro
2017-05-22 23:39:36,606 - Loaded System Directive: org.apache.velocity.runtime.directive.Parse
2017-05-22 23:39:36,607 - Loaded System Directive: org.apache.velocity.runtime.directive.Include
2017-05-22 23:39:36,607 - Loaded System Directive: org.apache.velocity.runtime.directive.Foreach
2017-05-22 23:39:36,625 - Created '20' parsers.
2017-05-22 23:39:36,629 - Velocimacro : "velocimacro.library" is not set.  Trying default library: VM_global_library.vm
2017-05-22 23:39:36,629 - Velocimacro : Default library not found.
2017-05-22 23:39:36,629 - Velocimacro : allowInline = true : VMs can be defined inline in templates
2017-05-22 23:39:36,629 - Velocimacro : allowInlineToOverride = false : VMs defined inline may NOT replace previous VM definitions
2017-05-22 23:39:36,629 - Velocimacro : allowInlineLocal = false : VMs defined inline will be global in scope if allowed.
2017-05-22 23:39:36,629 - Velocimacro : autoload off : VM system will not automatically reload global library macros
2017-05-23 14:45:28,957 - Log4JLogChute initialized using file 'velocity.log'
2017-05-23 14:45:28,957 - Velocity was not initialized! Calling init()...
2017-05-23 14:45:28,957 - Starting Apache Velocity v1.5 (compiled: 2007-02-22 08:52:29)
2017-05-23 14:45:28,957 - Default Properties File: org\apache\velocity\runtime\defaults\velocity.properties
2017-05-23 14:45:28,957 - Trying to use logger class org.apache.velocity.runtime.log.AvalonLogChute
2017-05-23 14:45:28,957 - Couldn't find class org.apache.velocity.runtime.log.AvalonLogChute or necessary supporting classes in classpath.
java.lang.NoClassDefFoundError: org/apache/log/format/Formatter
	at java.lang.Class.forName0(Native Method)
	at java.lang.Class.forName(Class.java:348)
	at org.apache.velocity.util.ClassUtils.getClass(ClassUtils.java:63)
	at org.apache.velocity.util.ClassUtils.getNewInstance(ClassUtils.java:95)
	at org.apache.velocity.runtime.log.LogManager.createLogChute(LogManager.java:147)
	at org.apache.velocity.runtime.log.LogManager.updateLog(LogManager.java:208)
	at org.apache.velocity.runtime.RuntimeInstance.initializeLog(RuntimeInstance.java:728)
	at org.apache.velocity.runtime.RuntimeInstance.init(RuntimeInstance.java:240)
	at org.apache.velocity.runtime.RuntimeInstance.parse(RuntimeInstance.java:993)
	at org.apache.velocity.runtime.RuntimeInstance.parse(RuntimeInstance.java:972)
	at org.apache.velocity.runtime.RuntimeSingleton.parse(RuntimeSingleton.java:265)
	at org.apache.velocity.app.Velocity.evaluate(Velocity.java:274)
	at org.sonatype.mavenbook.weather.WeatherFormatter.format(WeatherFormatter.java:23)
	at org.sonatype.mavenbook.weather.WeatherFormatterTest.testFormat(WeatherFormatterTest.java:23)
	at sun.reflect.NativeMethodAccessorImpl.invoke0(Native Method)
	at sun.reflect.NativeMethodAccessorImpl.invoke(NativeMethodAccessorImpl.java:62)
	at sun.reflect.DelegatingMethodAccessorImpl.invoke(DelegatingMethodAccessorImpl.java:43)
	at java.lang.reflect.Method.invoke(Method.java:498)
	at junit.framework.TestCase.runTest(TestCase.java:154)
	at junit.framework.TestCase.runBare(TestCase.java:127)
	at junit.framework.TestResult$1.protect(TestResult.java:106)
	at junit.framework.TestResult.runProtected(TestResult.java:124)
	at junit.framework.TestResult.run(TestResult.java:109)
	at junit.framework.TestCase.run(TestCase.java:118)
	at junit.framework.TestSuite.runTest(TestSuite.java:208)
	at junit.framework.TestSuite.run(TestSuite.java:203)
	at sun.reflect.NativeMethodAccessorImpl.invoke0(Native Method)
	at sun.reflect.NativeMethodAccessorImpl.invoke(NativeMethodAccessorImpl.java:62)
	at sun.reflect.DelegatingMethodAccessorImpl.invoke(DelegatingMethodAccessorImpl.java:43)
	at java.lang.reflect.Method.invoke(Method.java:498)
	at org.apache.maven.surefire.junit.JUnitTestSet.execute(JUnitTestSet.java:95)
	at org.apache.maven.surefire.junit.JUnit3Provider.executeTestSet(JUnit3Provider.java:121)
	at org.apache.maven.surefire.junit.JUnit3Provider.invoke(JUnit3Provider.java:98)
	at sun.reflect.NativeMethodAccessorImpl.invoke0(Native Method)
	at sun.reflect.NativeMethodAccessorImpl.invoke(NativeMethodAccessorImpl.java:62)
	at sun.reflect.DelegatingMethodAccessorImpl.invoke(DelegatingMethodAccessorImpl.java:43)
	at java.lang.reflect.Method.invoke(Method.java:498)
	at org.apache.maven.surefire.util.ReflectionUtils.invokeMethodWithArray(ReflectionUtils.java:189)
	at org.apache.maven.surefire.booter.ProviderFactory$ProviderProxy.invoke(ProviderFactory.java:165)
	at org.apache.maven.surefire.booter.ProviderFactory.invokeProvider(ProviderFactory.java:85)
	at org.apache.maven.surefire.booter.ForkedBooter.runSuitesInProcess(ForkedBooter.java:115)
	at org.apache.maven.surefire.booter.ForkedBooter.main(ForkedBooter.java:75)
Caused by: java.lang.ClassNotFoundException: org.apache.log.format.Formatter
	at java.net.URLClassLoader.findClass(URLClassLoader.java:381)
	at java.lang.ClassLoader.loadClass(ClassLoader.java:424)
	at sun.misc.Launcher$AppClassLoader.loadClass(Launcher.java:331)
	at java.lang.ClassLoader.loadClass(ClassLoader.java:357)
	... 42 more
2017-05-23 14:45:28,957 - Trying to use logger class org.apache.velocity.runtime.log.Log4JLogChute
2017-05-23 14:45:28,957 - Using logger class org.apache.velocity.runtime.log.Log4JLogChute
2017-05-23 14:45:28,957 - Default ResourceManager initializing. (class org.apache.velocity.runtime.resource.ResourceManagerImpl)
2017-05-23 14:45:28,957 - ResourceLoader instantiated: org.apache.velocity.runtime.resource.loader.FileResourceLoader
2017-05-23 14:45:28,957 - Do unicode file recognition:  false
2017-05-23 14:45:28,957 - FileResourceLoader : adding path '.'
2017-05-23 14:45:28,973 - ResourceCache: initialized (class org.apache.velocity.runtime.resource.ResourceCacheImpl)
2017-05-23 14:45:28,973 - Loaded System Directive: org.apache.velocity.runtime.directive.Literal
2017-05-23 14:45:28,973 - Loaded System Directive: org.apache.velocity.runtime.directive.Macro
2017-05-23 14:45:28,973 - Loaded System Directive: org.apache.velocity.runtime.directive.Parse
2017-05-23 14:45:28,973 - Loaded System Directive: org.apache.velocity.runtime.directive.Include
2017-05-23 14:45:28,973 - Loaded System Directive: org.apache.velocity.runtime.directive.Foreach
2017-05-23 14:45:29,020 - Created '20' parsers.
2017-05-23 14:45:29,020 - Velocimacro : "velocimacro.library" is not set.  Trying default library: VM_global_library.vm
2017-05-23 14:45:29,020 - Velocimacro : Default library not found.
2017-05-23 14:45:29,020 - Velocimacro : allowInline = true : VMs can be defined inline in templates
2017-05-23 14:45:29,020 - Velocimacro : allowInlineToOverride = false : VMs defined inline may NOT replace previous VM definitions
2017-05-23 14:45:29,020 - Velocimacro : allowInlineLocal = false : VMs defined inline will be global in scope if allowed.
2017-05-23 14:45:29,020 - Velocimacro : autoload off : VM system will not automatically reload global library macros
2017-05-23 17:36:04,998 - Log4JLogChute initialized using file 'velocity.log'
2017-05-23 17:36:04,998 - Velocity was not initialized! Calling init()...
2017-05-23 17:36:04,998 - Starting Apache Velocity v1.5 (compiled: 2007-02-22 08:52:29)
2017-05-23 17:36:04,998 - Default Properties File: org\apache\velocity\runtime\defaults\velocity.properties
2017-05-23 17:36:04,998 - Trying to use logger class org.apache.velocity.runtime.log.AvalonLogChute
2017-05-23 17:36:04,998 - Couldn't find class org.apache.velocity.runtime.log.AvalonLogChute or necessary supporting classes in classpath.
java.lang.NoClassDefFoundError: org/apache/log/format/Formatter
	at java.lang.Class.forName0(Native Method)
	at java.lang.Class.forName(Class.java:348)
	at org.apache.velocity.util.ClassUtils.getClass(ClassUtils.java:63)
	at org.apache.velocity.util.ClassUtils.getNewInstance(ClassUtils.java:95)
	at org.apache.velocity.runtime.log.LogManager.createLogChute(LogManager.java:147)
	at org.apache.velocity.runtime.log.LogManager.updateLog(LogManager.java:208)
	at org.apache.velocity.runtime.RuntimeInstance.initializeLog(RuntimeInstance.java:728)
	at org.apache.velocity.runtime.RuntimeInstance.init(RuntimeInstance.java:240)
	at org.apache.velocity.runtime.RuntimeInstance.parse(RuntimeInstance.java:993)
	at org.apache.velocity.runtime.RuntimeInstance.parse(RuntimeInstance.java:972)
	at org.apache.velocity.runtime.RuntimeSingleton.parse(RuntimeSingleton.java:265)
	at org.apache.velocity.app.Velocity.evaluate(Velocity.java:274)
	at org.sonatype.mavenbook.weather.WeatherFormatter.format(WeatherFormatter.java:23)
	at org.sonatype.mavenbook.weather.WeatherFormatterTest.testFormat(WeatherFormatterTest.java:23)
	at sun.reflect.NativeMethodAccessorImpl.invoke0(Native Method)
	at sun.reflect.NativeMethodAccessorImpl.invoke(NativeMethodAccessorImpl.java:62)
	at sun.reflect.DelegatingMethodAccessorImpl.invoke(DelegatingMethodAccessorImpl.java:43)
	at java.lang.reflect.Method.invoke(Method.java:498)
	at junit.framework.TestCase.runTest(TestCase.java:154)
	at junit.framework.TestCase.runBare(TestCase.java:127)
	at junit.framework.TestResult$1.protect(TestResult.java:106)
	at junit.framework.TestResult.runProtected(TestResult.java:124)
	at junit.framework.TestResult.run(TestResult.java:109)
	at junit.framework.TestCase.run(TestCase.java:118)
	at junit.framework.TestSuite.runTest(TestSuite.java:208)
	at junit.framework.TestSuite.run(TestSuite.java:203)
	at sun.reflect.NativeMethodAccessorImpl.invoke0(Native Method)
	at sun.reflect.NativeMethodAccessorImpl.invoke(NativeMethodAccessorImpl.java:62)
	at sun.reflect.DelegatingMethodAccessorImpl.invoke(DelegatingMethodAccessorImpl.java:43)
	at java.lang.reflect.Method.invoke(Method.java:498)
	at org.apache.maven.surefire.junit.JUnitTestSet.execute(JUnitTestSet.java:95)
	at org.apache.maven.surefire.junit.JUnit3Provider.executeTestSet(JUnit3Provider.java:121)
	at org.apache.maven.surefire.junit.JUnit3Provider.invoke(JUnit3Provider.java:98)
	at sun.reflect.NativeMethodAccessorImpl.invoke0(Native Method)
	at sun.reflect.NativeMethodAccessorImpl.invoke(NativeMethodAccessorImpl.java:62)
	at sun.reflect.DelegatingMethodAccessorImpl.invoke(DelegatingMethodAccessorImpl.java:43)
	at java.lang.reflect.Method.invoke(Method.java:498)
	at org.apache.maven.surefire.util.ReflectionUtils.invokeMethodWithArray(ReflectionUtils.java:189)
	at org.apache.maven.surefire.booter.ProviderFactory$ProviderProxy.invoke(ProviderFactory.java:165)
	at org.apache.maven.surefire.booter.ProviderFactory.invokeProvider(ProviderFactory.java:85)
	at org.apache.maven.surefire.booter.ForkedBooter.runSuitesInProcess(ForkedBooter.java:115)
	at org.apache.maven.surefire.booter.ForkedBooter.main(ForkedBooter.java:75)
Caused by: java.lang.ClassNotFoundException: org.apache.log.format.Formatter
	at java.net.URLClassLoader.findClass(URLClassLoader.java:381)
	at java.lang.ClassLoader.loadClass(ClassLoader.java:424)
	at sun.misc.Launcher$AppClassLoader.loadClass(Launcher.java:331)
	at java.lang.ClassLoader.loadClass(ClassLoader.java:357)
	... 42 more
2017-05-23 17:36:04,998 - Trying to use logger class org.apache.velocity.runtime.log.Log4JLogChute
2017-05-23 17:36:04,998 - Using logger class org.apache.velocity.runtime.log.Log4JLogChute
2017-05-23 17:36:04,998 - Default ResourceManager initializing. (class org.apache.velocity.runtime.resource.ResourceManagerImpl)
2017-05-23 17:36:05,014 - ResourceLoader instantiated: org.apache.velocity.runtime.resource.loader.FileResourceLoader
2017-05-23 17:36:05,014 - Do unicode file recognition:  false
2017-05-23 17:36:05,014 - FileResourceLoader : adding path '.'
2017-05-23 17:36:05,014 - ResourceCache: initialized (class org.apache.velocity.runtime.resource.ResourceCacheImpl)
2017-05-23 17:36:05,014 - Loaded System Directive: org.apache.velocity.runtime.directive.Literal
2017-05-23 17:36:05,014 - Loaded System Directive: org.apache.velocity.runtime.directive.Macro
2017-05-23 17:36:05,014 - Loaded System Directive: org.apache.velocity.runtime.directive.Parse
2017-05-23 17:36:05,014 - Loaded System Directive: org.apache.velocity.runtime.directive.Include
2017-05-23 17:36:05,014 - Loaded System Directive: org.apache.velocity.runtime.directive.Foreach
2017-05-23 17:36:05,045 - Created '20' parsers.
2017-05-23 17:36:05,045 - Velocimacro : "velocimacro.library" is not set.  Trying default library: VM_global_library.vm
2017-05-23 17:36:05,045 - Velocimacro : Default library not found.
2017-05-23 17:36:05,045 - Velocimacro : allowInline = true : VMs can be defined inline in templates
2017-05-23 17:36:05,045 - Velocimacro : allowInlineToOverride = false : VMs defined inline may NOT replace previous VM definitions
2017-05-23 17:36:05,045 - Velocimacro : allowInlineLocal = false : VMs defined inline will be global in scope if allowed.
2017-05-23 17:36:05,045 - Velocimacro : autoload off : VM system will not automatically reload global library macros
2017-05-23 17:37:10,857 - Log4JLogChute initialized using file 'velocity.log'
2017-05-23 17:37:10,857 - Velocity was not initialized! Calling init()...
2017-05-23 17:37:10,857 - Starting Apache Velocity v1.5 (compiled: 2007-02-22 08:52:29)
2017-05-23 17:37:10,857 - Default Properties File: org\apache\velocity\runtime\defaults\velocity.properties
2017-05-23 17:37:10,857 - Trying to use logger class org.apache.velocity.runtime.log.AvalonLogChute
2017-05-23 17:37:10,857 - Couldn't find class org.apache.velocity.runtime.log.AvalonLogChute or necessary supporting classes in classpath.
java.lang.NoClassDefFoundError: org/apache/log/format/Formatter
	at java.lang.Class.forName0(Native Method)
	at java.lang.Class.forName(Class.java:348)
	at org.apache.velocity.util.ClassUtils.getClass(ClassUtils.java:63)
	at org.apache.velocity.util.ClassUtils.getNewInstance(ClassUtils.java:95)
	at org.apache.velocity.runtime.log.LogManager.createLogChute(LogManager.java:147)
	at org.apache.velocity.runtime.log.LogManager.updateLog(LogManager.java:208)
	at org.apache.velocity.runtime.RuntimeInstance.initializeLog(RuntimeInstance.java:728)
	at org.apache.velocity.runtime.RuntimeInstance.init(RuntimeInstance.java:240)
	at org.apache.velocity.runtime.RuntimeInstance.parse(RuntimeInstance.java:993)
	at org.apache.velocity.runtime.RuntimeInstance.parse(RuntimeInstance.java:972)
	at org.apache.velocity.runtime.RuntimeSingleton.parse(RuntimeSingleton.java:265)
	at org.apache.velocity.app.Velocity.evaluate(Velocity.java:274)
	at org.sonatype.mavenbook.weather.WeatherFormatter.format(WeatherFormatter.java:23)
	at org.sonatype.mavenbook.weather.WeatherFormatterTest.testFormat(WeatherFormatterTest.java:23)
	at sun.reflect.NativeMethodAccessorImpl.invoke0(Native Method)
	at sun.reflect.NativeMethodAccessorImpl.invoke(NativeMethodAccessorImpl.java:62)
	at sun.reflect.DelegatingMethodAccessorImpl.invoke(DelegatingMethodAccessorImpl.java:43)
	at java.lang.reflect.Method.invoke(Method.java:498)
	at junit.framework.TestCase.runTest(TestCase.java:154)
	at junit.framework.TestCase.runBare(TestCase.java:127)
	at junit.framework.TestResult$1.protect(TestResult.java:106)
	at junit.framework.TestResult.runProtected(TestResult.java:124)
	at junit.framework.TestResult.run(TestResult.java:109)
	at junit.framework.TestCase.run(TestCase.java:118)
	at junit.framework.TestSuite.runTest(TestSuite.java:208)
	at junit.framework.TestSuite.run(TestSuite.java:203)
	at sun.reflect.NativeMethodAccessorImpl.invoke0(Native Method)
	at sun.reflect.NativeMethodAccessorImpl.invoke(NativeMethodAccessorImpl.java:62)
	at sun.reflect.DelegatingMethodAccessorImpl.invoke(DelegatingMethodAccessorImpl.java:43)
	at java.lang.reflect.Method.invoke(Method.java:498)
	at org.apache.maven.surefire.junit.JUnitTestSet.execute(JUnitTestSet.java:95)
	at org.apache.maven.surefire.junit.JUnit3Provider.executeTestSet(JUnit3Provider.java:121)
	at org.apache.maven.surefire.junit.JUnit3Provider.invoke(JUnit3Provider.java:98)
	at sun.reflect.NativeMethodAccessorImpl.invoke0(Native Method)
	at sun.reflect.NativeMethodAccessorImpl.invoke(NativeMethodAccessorImpl.java:62)
	at sun.reflect.DelegatingMethodAccessorImpl.invoke(DelegatingMethodAccessorImpl.java:43)
	at java.lang.reflect.Method.invoke(Method.java:498)
	at org.apache.maven.surefire.util.ReflectionUtils.invokeMethodWithArray(ReflectionUtils.java:189)
	at org.apache.maven.surefire.booter.ProviderFactory$ProviderProxy.invoke(ProviderFactory.java:165)
	at org.apache.maven.surefire.booter.ProviderFactory.invokeProvider(ProviderFactory.java:85)
	at org.apache.maven.surefire.booter.ForkedBooter.runSuitesInProcess(ForkedBooter.java:115)
	at org.apache.maven.surefire.booter.ForkedBooter.main(ForkedBooter.java:75)
Caused by: java.lang.ClassNotFoundException: org.apache.log.format.Formatter
	at java.net.URLClassLoader.findClass(URLClassLoader.java:381)
	at java.lang.ClassLoader.loadClass(ClassLoader.java:424)
	at sun.misc.Launcher$AppClassLoader.loadClass(Launcher.java:331)
	at java.lang.ClassLoader.loadClass(ClassLoader.java:357)
	... 42 more
2017-05-23 17:37:10,857 - Trying to use logger class org.apache.velocity.runtime.log.Log4JLogChute
2017-05-23 17:37:10,857 - Using logger class org.apache.velocity.runtime.log.Log4JLogChute
2017-05-23 17:37:10,857 - Default ResourceManager initializing. (class org.apache.velocity.runtime.resource.ResourceManagerImpl)
2017-05-23 17:37:10,857 - ResourceLoader instantiated: org.apache.velocity.runtime.resource.loader.FileResourceLoader
2017-05-23 17:37:10,857 - Do unicode file recognition:  false
2017-05-23 17:37:10,857 - FileResourceLoader : adding path '.'
2017-05-23 17:37:10,873 - ResourceCache: initialized (class org.apache.velocity.runtime.resource.ResourceCacheImpl)
2017-05-23 17:37:10,873 - Loaded System Directive: org.apache.velocity.runtime.directive.Literal
2017-05-23 17:37:10,873 - Loaded System Directive: org.apache.velocity.runtime.directive.Macro
2017-05-23 17:37:10,873 - Loaded System Directive: org.apache.velocity.runtime.directive.Parse
2017-05-23 17:37:10,873 - Loaded System Directive: org.apache.velocity.runtime.directive.Include
2017-05-23 17:37:10,873 - Loaded System Directive: org.apache.velocity.runtime.directive.Foreach
2017-05-23 17:37:10,889 - Created '20' parsers.
2017-05-23 17:37:10,905 - Velocimacro : "velocimacro.library" is not set.  Trying default library: VM_global_library.vm
2017-05-23 17:37:10,905 - Velocimacro : Default library not found.
2017-05-23 17:37:10,905 - Velocimacro : allowInline = true : VMs can be defined inline in templates
2017-05-23 17:37:10,905 - Velocimacro : allowInlineToOverride = false : VMs defined inline may NOT replace previous VM definitions
2017-05-23 17:37:10,905 - Velocimacro : allowInlineLocal = false : VMs defined inline will be global in scope if allowed.
2017-05-23 17:37:10,905 - Velocimacro : autoload off : VM system will not automatically reload global library macros
