2017-05-19 19:00:41,317 - Trying to use logger class org.apache.velocity.runtime.log.Log4JLogChute
2017-05-19 19:00:41,317 - Using logger class org.apache.velocity.runtime.log.Log4JLogChute
2017-05-19 19:00:41,319 - Default ResourceManager initializing. (class org.apache.velocity.runtime.resource.ResourceManagerImpl)
2017-05-19 19:00:41,320 - ResourceLoader instantiated: org.apache.velocity.runtime.resource.loader.FileResourceLoader
2017-05-19 19:00:41,321 - Do unicode file recognition:  false
2017-05-19 19:00:41,321 - FileResourceLoader : adding path '.'
2017-05-19 19:00:41,331 - ResourceCache: initialized (class org.apache.velocity.runtime.resource.ResourceCacheImpl)
2017-05-19 19:00:41,331 - Loaded System Directive: org.apache.velocity.runtime.directive.Literal
2017-05-19 19:00:41,332 - Loaded System Directive: org.apache.velocity.runtime.directive.Macro
2017-05-19 19:00:41,333 - Loaded System Directive: org.apache.velocity.runtime.directive.Parse
2017-05-19 19:00:41,334 - Loaded System Directive: org.apache.velocity.runtime.directive.Include
2017-05-19 19:00:41,334 - Loaded System Directive: org.apache.velocity.runtime.directive.Foreach
2017-05-19 19:00:41,352 - Created '20' parsers.
2017-05-19 19:00:41,356 - Velocimacro : "velocimacro.library" is not set.  Trying default library: VM_global_library.vm
2017-05-19 19:00:41,356 - Velocimacro : Default library not found.
2017-05-19 19:00:41,357 - Velocimacro : allowInline = true : VMs can be defined inline in templates
2017-05-19 19:00:41,357 - Velocimacro : allowInlineToOverride = false : VMs defined inline may NOT replace previous VM definitions
2017-05-19 19:00:41,357 - Velocimacro : allowInlineLocal = false : VMs defined inline will be global in scope if allowed.
2017-05-19 19:00:41,357 - Velocimacro : autoload off : VM system will not automatically reload global library macros
2017-05-19 19:01:05,148 - Log4JLogChute initialized using file 'velocity.log'
2017-05-19 19:01:05,148 - Velocity was not initialized! Calling init()...
2017-05-19 19:01:05,148 - Starting Apache Velocity v1.5 (compiled: 2007-02-22 08:52:29)
2017-05-19 19:01:05,148 - Default Properties File: org\apache\velocity\runtime\defaults\velocity.properties
2017-05-19 19:01:05,149 - Trying to use logger class org.apache.velocity.runtime.log.AvalonLogChute
2017-05-19 19:01:05,150 - Couldn't find class org.apache.velocity.runtime.log.AvalonLogChute or necessary supporting classes in classpath.
java.lang.NoClassDefFoundError: org/apache/log/format/Formatter
	at java.lang.Class.forName0(Native Method)
	at java.lang.Class.forName(Class.java:348)
	at org.apache.velocity.util.ClassUtils.getClass(ClassUtils.java:63)
	at org.apache.velocity.util.ClassUtils.getNewInstance(ClassUtils.java:95)
	at org.apache.velocity.runtime.log.LogManager.createLogChute(LogManager.java:147)
	at org.apache.velocity.runtime.log.LogManager.updateLog(LogManager.java:208)
	at org.apache.velocity.runtime.RuntimeInstance.initializeLog(RuntimeInstance.java:728)
	at org.apache.velocity.runtime.RuntimeInstance.init(RuntimeInstance.java:240)
	at org.apache.velocity.runtime.RuntimeInstance.parse(RuntimeInstance.java:993)
	at org.apache.velocity.runtime.RuntimeInstance.parse(RuntimeInstance.java:972)
	at org.apache.velocity.runtime.RuntimeSingleton.parse(RuntimeSingleton.java:265)
	at org.apache.velocity.app.Velocity.evaluate(Velocity.java:274)
	at org.sonatype.mavenbook.weather.WeatherFormatter.format(WeatherFormatter.java:23)
	at org.sonatype.mavenbook.weather.yahoo.WeatherFormatterTest.testFormat(WeatherFormatterTest.java:23)
	at sun.reflect.NativeMethodAccessorImpl.invoke0(Native Method)
	at sun.reflect.NativeMethodAccessorImpl.invoke(NativeMethodAccessorImpl.java:62)
	at sun.reflect.DelegatingMethodAccessorImpl.invoke(DelegatingMethodAccessorImpl.java:43)
	at java.lang.reflect.Method.invoke(Method.java:498)
	at junit.framework.TestCase.runTest(TestCase.java:154)
	at junit.framework.TestCase.runBare(TestCase.java:127)
	at junit.framework.TestResult$1.protect(TestResult.java:106)
	at junit.framework.TestResult.runProtected(TestResult.java:124)
	at junit.framework.TestResult.run(TestResult.java:109)
	at junit.framework.TestCase.run(TestCase.java:118)
	at junit.framework.TestSuite.runTest(TestSuite.java:208)
	at junit.framework.TestSuite.run(TestSuite.java:203)
	at sun.reflect.NativeMethodAccessorImpl.invoke0(Native Method)
	at sun.reflect.NativeMethodAccessorImpl.invoke(NativeMethodAccessorImpl.java:62)
	at sun.reflect.DelegatingMethodAccessorImpl.invoke(DelegatingMethodAccessorImpl.java:43)
	at java.lang.reflect.Method.invoke(Method.java:498)
	at org.apache.maven.surefire.junit.JUnitTestSet.execute(JUnitTestSet.java:95)
	at org.apache.maven.surefire.junit.JUnit3Provider.executeTestSet(JUnit3Provider.java:121)
	at org.apache.maven.surefire.junit.JUnit3Provider.invoke(JUnit3Provider.java:98)
	at sun.reflect.NativeMethodAccessorImpl.invoke0(Native Method)
	at sun.reflect.NativeMethodAccessorImpl.invoke(NativeMethodAccessorImpl.java:62)
	at sun.reflect.DelegatingMethodAccessorImpl.invoke(DelegatingMethodAccessorImpl.java:43)
	at java.lang.reflect.Method.invoke(Method.java:498)
	at org.apache.maven.surefire.util.ReflectionUtils.invokeMethodWithArray(ReflectionUtils.java:189)
	at org.apache.maven.surefire.booter.ProviderFactory$ProviderProxy.invoke(ProviderFactory.java:165)
	at org.apache.maven.surefire.booter.ProviderFactory.invokeProvider(ProviderFactory.java:85)
	at org.apache.maven.surefire.booter.ForkedBooter.runSuitesInProcess(ForkedBooter.java:115)
	at org.apache.maven.surefire.booter.ForkedBooter.main(ForkedBooter.java:75)
Caused by: java.lang.ClassNotFoundException: org.apache.log.format.Formatter
	at java.net.URLClassLoader.findClass(URLClassLoader.java:381)
	at java.lang.ClassLoader.loadClass(ClassLoader.java:424)
	at sun.misc.Launcher$AppClassLoader.loadClass(Launcher.java:331)
	at java.lang.ClassLoader.loadClass(ClassLoader.java:357)
	... 42 more
2017-05-19 19:01:05,152 - Trying to use logger class org.apache.velocity.runtime.log.Log4JLogChute
2017-05-19 19:01:05,152 - Using logger class org.apache.velocity.runtime.log.Log4JLogChute
2017-05-19 19:01:05,155 - Default ResourceManager initializing. (class org.apache.velocity.runtime.resource.ResourceManagerImpl)
2017-05-19 19:01:05,157 - ResourceLoader instantiated: org.apache.velocity.runtime.resource.loader.FileResourceLoader
2017-05-19 19:01:05,157 - Do unicode file recognition:  false
2017-05-19 19:01:05,157 - FileResourceLoader : adding path '.'
2017-05-19 19:01:05,165 - ResourceCache: initialized (class org.apache.velocity.runtime.resource.ResourceCacheImpl)
2017-05-19 19:01:05,166 - Loaded System Directive: org.apache.velocity.runtime.directive.Literal
2017-05-19 19:01:05,166 - Loaded System Directive: org.apache.velocity.runtime.directive.Macro
2017-05-19 19:01:05,167 - Loaded System Directive: org.apache.velocity.runtime.directive.Parse
2017-05-19 19:01:05,167 - Loaded System Directive: org.apache.velocity.runtime.directive.Include
2017-05-19 19:01:05,168 - Loaded System Directive: org.apache.velocity.runtime.directive.Foreach
2017-05-19 19:01:05,189 - Created '20' parsers.
2017-05-19 19:01:05,193 - Velocimacro : "velocimacro.library" is not set.  Trying default library: VM_global_library.vm
2017-05-19 19:01:05,193 - Velocimacro : Default library not found.
2017-05-19 19:01:05,193 - Velocimacro : allowInline = true : VMs can be defined inline in templates
2017-05-19 19:01:05,193 - Velocimacro : allowInlineToOverride = false : VMs defined inline may NOT replace previous VM definitions
2017-05-19 19:01:05,193 - Velocimacro : allowInlineLocal = false : VMs defined inline will be global in scope if allowed.
2017-05-19 19:01:05,193 - Velocimacro : autoload off : VM system will not automatically reload global library macros
2017-05-19 19:03:03,470 - Log4JLogChute initialized using file 'velocity.log'
2017-05-19 19:03:03,471 - Velocity was not initialized! Calling init()...
2017-05-19 19:03:03,471 - Starting Apache Velocity v1.5 (compiled: 2007-02-22 08:52:29)
2017-05-19 19:03:03,471 - Default Properties File: org\apache\velocity\runtime\defaults\velocity.properties
2017-05-19 19:03:03,471 - Trying to use logger class org.apache.velocity.runtime.log.AvalonLogChute
2017-05-19 19:03:03,474 - Couldn't find class org.apache.velocity.runtime.log.AvalonLogChute or necessary supporting classes in classpath.
java.lang.NoClassDefFoundError: org/apache/log/format/Formatter
	at java.lang.Class.forName0(Native Method)
	at java.lang.Class.forName(Class.java:348)
	at org.apache.velocity.util.ClassUtils.getClass(ClassUtils.java:63)
	at org.apache.velocity.util.ClassUtils.getNewInstance(ClassUtils.java:95)
	at org.apache.velocity.runtime.log.LogManager.createLogChute(LogManager.java:147)
	at org.apache.velocity.runtime.log.LogManager.updateLog(LogManager.java:208)
	at org.apache.velocity.runtime.RuntimeInstance.initializeLog(RuntimeInstance.java:728)
	at org.apache.velocity.runtime.RuntimeInstance.init(RuntimeInstance.java:240)
	at org.apache.velocity.runtime.RuntimeInstance.parse(RuntimeInstance.java:993)
	at org.apache.velocity.runtime.RuntimeInstance.parse(RuntimeInstance.java:972)
	at org.apache.velocity.runtime.RuntimeSingleton.parse(RuntimeSingleton.java:265)
	at org.apache.velocity.app.Velocity.evaluate(Velocity.java:274)
	at org.sonatype.mavenbook.weather.WeatherFormatter.format(WeatherFormatter.java:23)
	at org.sonatype.mavenbook.weather.yahoo.WeatherFormatterTest.testFormat(WeatherFormatterTest.java:23)
	at sun.reflect.NativeMethodAccessorImpl.invoke0(Native Method)
	at sun.reflect.NativeMethodAccessorImpl.invoke(NativeMethodAccessorImpl.java:62)
	at sun.reflect.DelegatingMethodAccessorImpl.invoke(DelegatingMethodAccessorImpl.java:43)
	at java.lang.reflect.Method.invoke(Method.java:498)
	at junit.framework.TestCase.runTest(TestCase.java:154)
	at junit.framework.TestCase.runBare(TestCase.java:127)
	at junit.framework.TestResult$1.protect(TestResult.java:106)
	at junit.framework.TestResult.runProtected(TestResult.java:124)
	at junit.framework.TestResult.run(TestResult.java:109)
	at junit.framework.TestCase.run(TestCase.java:118)
	at junit.framework.TestSuite.runTest(TestSuite.java:208)
	at junit.framework.TestSuite.run(TestSuite.java:203)
	at sun.reflect.NativeMethodAccessorImpl.invoke0(Native Method)
	at sun.reflect.NativeMethodAccessorImpl.invoke(NativeMethodAccessorImpl.java:62)
	at sun.reflect.DelegatingMethodAccessorImpl.invoke(DelegatingMethodAccessorImpl.java:43)
	at java.lang.reflect.Method.invoke(Method.java:498)
	at org.apache.maven.surefire.junit.JUnitTestSet.execute(JUnitTestSet.java:95)
	at org.apache.maven.surefire.junit.JUnit3Provider.executeTestSet(JUnit3Provider.java:121)
	at org.apache.maven.surefire.junit.JUnit3Provider.invoke(JUnit3Provider.java:98)
	at sun.reflect.NativeMethodAccessorImpl.invoke0(Native Method)
	at sun.reflect.NativeMethodAccessorImpl.invoke(NativeMethodAccessorImpl.java:62)
	at sun.reflect.DelegatingMethodAccessorImpl.invoke(DelegatingMethodAccessorImpl.java:43)
	at java.lang.reflect.Method.invoke(Method.java:498)
	at org.apache.maven.surefire.util.ReflectionUtils.invokeMethodWithArray(ReflectionUtils.java:189)
	at org.apache.maven.surefire.booter.ProviderFactory$ProviderProxy.invoke(ProviderFactory.java:165)
	at org.apache.maven.surefire.booter.ProviderFactory.invokeProvider(ProviderFactory.java:85)
	at org.apache.maven.surefire.booter.ForkedBooter.runSuitesInProcess(ForkedBooter.java:115)
	at org.apache.maven.surefire.booter.ForkedBooter.main(ForkedBooter.java:75)
Caused by: java.lang.ClassNotFoundException: org.apache.log.format.Formatter
	at java.net.URLClassLoader.findClass(URLClassLoader.java:381)
	at java.lang.ClassLoader.loadClass(ClassLoader.java:424)
	at sun.misc.Launcher$AppClassLoader.loadClass(Launcher.java:331)
	at java.lang.ClassLoader.loadClass(ClassLoader.java:357)
	... 42 more
2017-05-19 19:03:03,476 - Trying to use logger class org.apache.velocity.runtime.log.Log4JLogChute
2017-05-19 19:03:03,476 - Using logger class org.apache.velocity.runtime.log.Log4JLogChute
2017-05-19 19:03:03,478 - Default ResourceManager initializing. (class org.apache.velocity.runtime.resource.ResourceManagerImpl)
2017-05-19 19:03:03,481 - ResourceLoader instantiated: org.apache.velocity.runtime.resource.loader.FileResourceLoader
2017-05-19 19:03:03,482 - Do unicode file recognition:  false
2017-05-19 19:03:03,482 - FileResourceLoader : adding path '.'
2017-05-19 19:03:03,489 - ResourceCache: initialized (class org.apache.velocity.runtime.resource.ResourceCacheImpl)
2017-05-19 19:03:03,492 - Loaded System Directive: org.apache.velocity.runtime.directive.Literal
2017-05-19 19:03:03,494 - Loaded System Directive: org.apache.velocity.runtime.directive.Macro
2017-05-19 19:03:03,494 - Loaded System Directive: org.apache.velocity.runtime.directive.Parse
2017-05-19 19:03:03,495 - Loaded System Directive: org.apache.velocity.runtime.directive.Include
2017-05-19 19:03:03,496 - Loaded System Directive: org.apache.velocity.runtime.directive.Foreach
2017-05-19 19:03:03,516 - Created '20' parsers.
2017-05-19 19:03:03,520 - Velocimacro : "velocimacro.library" is not set.  Trying default library: VM_global_library.vm
2017-05-19 19:03:03,520 - Velocimacro : Default library not found.
2017-05-19 19:03:03,520 - Velocimacro : allowInline = true : VMs can be defined inline in templates
2017-05-19 19:03:03,520 - Velocimacro : allowInlineToOverride = false : VMs defined inline may NOT replace previous VM definitions
2017-05-19 19:03:03,520 - Velocimacro : allowInlineLocal = false : VMs defined inline will be global in scope if allowed.
2017-05-19 19:03:03,520 - Velocimacro : autoload off : VM system will not automatically reload global library macros
2017-05-19 19:03:40,881 - Log4JLogChute initialized using file 'velocity.log'
2017-05-19 19:03:40,882 - Velocity was not initialized! Calling init()...
2017-05-19 19:03:40,882 - Starting Apache Velocity v1.5 (compiled: 2007-02-22 08:52:29)
2017-05-19 19:03:40,882 - Default Properties File: org\apache\velocity\runtime\defaults\velocity.properties
2017-05-19 19:03:40,882 - Trying to use logger class org.apache.velocity.runtime.log.AvalonLogChute
2017-05-19 19:03:40,885 - Couldn't find class org.apache.velocity.runtime.log.AvalonLogChute or necessary supporting classes in classpath.
java.lang.NoClassDefFoundError: org/apache/log/format/Formatter
	at java.lang.Class.forName0(Native Method)
	at java.lang.Class.forName(Class.java:348)
	at org.apache.velocity.util.ClassUtils.getClass(ClassUtils.java:63)
	at org.apache.velocity.util.ClassUtils.getNewInstance(ClassUtils.java:95)
	at org.apache.velocity.runtime.log.LogManager.createLogChute(LogManager.java:147)
	at org.apache.velocity.runtime.log.LogManager.updateLog(LogManager.java:208)
	at org.apache.velocity.runtime.RuntimeInstance.initializeLog(RuntimeInstance.java:728)
	at org.apache.velocity.runtime.RuntimeInstance.init(RuntimeInstance.java:240)
	at org.apache.velocity.runtime.RuntimeInstance.parse(RuntimeInstance.java:993)
	at org.apache.velocity.runtime.RuntimeInstance.parse(RuntimeInstance.java:972)
	at org.apache.velocity.runtime.RuntimeSingleton.parse(RuntimeSingleton.java:265)
	at org.apache.velocity.app.Velocity.evaluate(Velocity.java:274)
	at org.sonatype.mavenbook.weather.WeatherFormatter.format(WeatherFormatter.java:23)
	at org.sonatype.mavenbook.weather.yahoo.WeatherFormatterTest.testFormat(WeatherFormatterTest.java:23)
	at sun.reflect.NativeMethodAccessorImpl.invoke0(Native Method)
	at sun.reflect.NativeMethodAccessorImpl.invoke(NativeMethodAccessorImpl.java:62)
	at sun.reflect.DelegatingMethodAccessorImpl.invoke(DelegatingMethodAccessorImpl.java:43)
	at java.lang.reflect.Method.invoke(Method.java:498)
	at junit.framework.TestCase.runTest(TestCase.java:154)
	at junit.framework.TestCase.runBare(TestCase.java:127)
	at junit.framework.TestResult$1.protect(TestResult.java:106)
	at junit.framework.TestResult.runProtected(TestResult.java:124)
	at junit.framework.TestResult.run(TestResult.java:109)
	at junit.framework.TestCase.run(TestCase.java:118)
	at junit.framework.TestSuite.runTest(TestSuite.java:208)
	at junit.framework.TestSuite.run(TestSuite.java:203)
	at sun.reflect.NativeMethodAccessorImpl.invoke0(Native Method)
	at sun.reflect.NativeMethodAccessorImpl.invoke(NativeMethodAccessorImpl.java:62)
	at sun.reflect.DelegatingMethodAccessorImpl.invoke(DelegatingMethodAccessorImpl.java:43)
	at java.lang.reflect.Method.invoke(Method.java:498)
	at org.apache.maven.surefire.junit.JUnitTestSet.execute(JUnitTestSet.java:95)
	at org.apache.maven.surefire.junit.JUnit3Provider.executeTestSet(JUnit3Provider.java:121)
	at org.apache.maven.surefire.junit.JUnit3Provider.invoke(JUnit3Provider.java:98)
	at sun.reflect.NativeMethodAccessorImpl.invoke0(Native Method)
	at sun.reflect.NativeMethodAccessorImpl.invoke(NativeMethodAccessorImpl.java:62)
	at sun.reflect.DelegatingMethodAccessorImpl.invoke(DelegatingMethodAccessorImpl.java:43)
	at java.lang.reflect.Method.invoke(Method.java:498)
	at org.apache.maven.surefire.util.ReflectionUtils.invokeMethodWithArray(ReflectionUtils.java:189)
	at org.apache.maven.surefire.booter.ProviderFactory$ProviderProxy.invoke(ProviderFactory.java:165)
	at org.apache.maven.surefire.booter.ProviderFactory.invokeProvider(ProviderFactory.java:85)
	at org.apache.maven.surefire.booter.ForkedBooter.runSuitesInProcess(ForkedBooter.java:115)
	at org.apache.maven.surefire.booter.ForkedBooter.main(ForkedBooter.java:75)
Caused by: java.lang.ClassNotFoundException: org.apache.log.format.Formatter
	at java.net.URLClassLoader.findClass(URLClassLoader.java:381)
	at java.lang.ClassLoader.loadClass(ClassLoader.java:424)
	at sun.misc.Launcher$AppClassLoader.loadClass(Launcher.java:331)
	at java.lang.ClassLoader.loadClass(ClassLoader.java:357)
	... 42 more
2017-05-19 19:03:40,888 - Trying to use logger class org.apache.velocity.runtime.log.Log4JLogChute
2017-05-19 19:03:40,888 - Using logger class org.apache.velocity.runtime.log.Log4JLogChute
2017-05-19 19:03:40,889 - Default ResourceManager initializing. (class org.apache.velocity.runtime.resource.ResourceManagerImpl)
2017-05-19 19:03:40,891 - ResourceLoader instantiated: org.apache.velocity.runtime.resource.loader.FileResourceLoader
2017-05-19 19:03:40,892 - Do unicode file recognition:  false
2017-05-19 19:03:40,892 - FileResourceLoader : adding path '.'
2017-05-19 19:03:40,900 - ResourceCache: initialized (class org.apache.velocity.runtime.resource.ResourceCacheImpl)
2017-05-19 19:03:40,901 - Loaded System Directive: org.apache.velocity.runtime.directive.Literal
2017-05-19 19:03:40,902 - Loaded System Directive: org.apache.velocity.runtime.directive.Macro
2017-05-19 19:03:40,903 - Loaded System Directive: org.apache.velocity.runtime.directive.Parse
2017-05-19 19:03:40,903 - Loaded System Directive: org.apache.velocity.runtime.directive.Include
2017-05-19 19:03:40,904 - Loaded System Directive: org.apache.velocity.runtime.directive.Foreach
2017-05-19 19:03:40,922 - Created '20' parsers.
2017-05-19 19:03:40,926 - Velocimacro : "velocimacro.library" is not set.  Trying default library: VM_global_library.vm
2017-05-19 19:03:40,926 - Velocimacro : Default library not found.
2017-05-19 19:03:40,926 - Velocimacro : allowInline = true : VMs can be defined inline in templates
2017-05-19 19:03:40,926 - Velocimacro : allowInlineToOverride = false : VMs defined inline may NOT replace previous VM definitions
2017-05-19 19:03:40,926 - Velocimacro : allowInlineLocal = false : VMs defined inline will be global in scope if allowed.
2017-05-19 19:03:40,926 - Velocimacro : autoload off : VM system will not automatically reload global library macros
2017-05-19 19:06:18,746 - Log4JLogChute initialized using file 'velocity.log'
2017-05-19 19:06:18,747 - Velocity was not initialized! Calling init()...
2017-05-19 19:06:18,747 - Starting Apache Velocity v1.5 (compiled: 2007-02-22 08:52:29)
2017-05-19 19:06:18,747 - Default Properties File: org\apache\velocity\runtime\defaults\velocity.properties
2017-05-19 19:06:18,747 - Trying to use logger class org.apache.velocity.runtime.log.AvalonLogChute
2017-05-19 19:06:18,748 - Couldn't find class org.apache.velocity.runtime.log.AvalonLogChute or necessary supporting classes in classpath.
java.lang.NoClassDefFoundError: org/apache/log/format/Formatter
	at java.lang.Class.forName0(Native Method)
	at java.lang.Class.forName(Class.java:348)
	at org.apache.velocity.util.ClassUtils.getClass(ClassUtils.java:63)
	at org.apache.velocity.util.ClassUtils.getNewInstance(ClassUtils.java:95)
	at org.apache.velocity.runtime.log.LogManager.createLogChute(LogManager.java:147)
	at org.apache.velocity.runtime.log.LogManager.updateLog(LogManager.java:208)
	at org.apache.velocity.runtime.RuntimeInstance.initializeLog(RuntimeInstance.java:728)
	at org.apache.velocity.runtime.RuntimeInstance.init(RuntimeInstance.java:240)
	at org.apache.velocity.runtime.RuntimeInstance.parse(RuntimeInstance.java:993)
	at org.apache.velocity.runtime.RuntimeInstance.parse(RuntimeInstance.java:972)
	at org.apache.velocity.runtime.RuntimeSingleton.parse(RuntimeSingleton.java:265)
	at org.apache.velocity.app.Velocity.evaluate(Velocity.java:274)
	at org.sonatype.mavenbook.weather.WeatherFormatter.format(WeatherFormatter.java:23)
	at org.sonatype.mavenbook.weather.Main.start(Main.java:43)
	at org.sonatype.mavenbook.weather.Main.main(Main.java:26)
	at sun.reflect.NativeMethodAccessorImpl.invoke0(Native Method)
	at sun.reflect.NativeMethodAccessorImpl.invoke(NativeMethodAccessorImpl.java:62)
	at sun.reflect.DelegatingMethodAccessorImpl.invoke(DelegatingMethodAccessorImpl.java:43)
	at java.lang.reflect.Method.invoke(Method.java:498)
	at org.codehaus.mojo.exec.ExecJavaMojo$1.run(ExecJavaMojo.java:282)
	at java.lang.Thread.run(Thread.java:745)
Caused by: java.lang.ClassNotFoundException: org.apache.log.format.Formatter
	at java.net.URLClassLoader.findClass(URLClassLoader.java:381)
	at java.lang.ClassLoader.loadClass(ClassLoader.java:424)
	at java.lang.ClassLoader.loadClass(ClassLoader.java:357)
	... 21 more
2017-05-19 19:06:18,750 - Trying to use logger class org.apache.velocity.runtime.log.Log4JLogChute
2017-05-19 19:06:18,752 - Using logger class org.apache.velocity.runtime.log.Log4JLogChute
2017-05-19 19:06:18,753 - Default ResourceManager initializing. (class org.apache.velocity.runtime.resource.ResourceManagerImpl)
2017-05-19 19:06:18,757 - ResourceLoader instantiated: org.apache.velocity.runtime.resource.loader.FileResourceLoader
2017-05-19 19:06:18,779 - Do unicode file recognition:  false
2017-05-19 19:06:18,779 - FileResourceLoader : adding path '.'
2017-05-19 19:06:18,791 - ResourceCache: initialized (class org.apache.velocity.runtime.resource.ResourceCacheImpl)
2017-05-19 19:06:18,852 - Loaded System Directive: org.apache.velocity.runtime.directive.Literal
2017-05-19 19:06:18,853 - Loaded System Directive: org.apache.velocity.runtime.directive.Macro
2017-05-19 19:06:18,854 - Loaded System Directive: org.apache.velocity.runtime.directive.Parse
2017-05-19 19:06:18,854 - Loaded System Directive: org.apache.velocity.runtime.directive.Include
2017-05-19 19:06:18,855 - Loaded System Directive: org.apache.velocity.runtime.directive.Foreach
2017-05-19 19:06:18,927 - Created '20' parsers.
2017-05-19 19:06:18,930 - Velocimacro : "velocimacro.library" is not set.  Trying default library: VM_global_library.vm
2017-05-19 19:06:18,930 - Velocimacro : Default library not found.
2017-05-19 19:06:18,931 - Velocimacro : allowInline = true : VMs can be defined inline in templates
2017-05-19 19:06:18,931 - Velocimacro : allowInlineToOverride = false : VMs defined inline may NOT replace previous VM definitions
2017-05-19 19:06:18,931 - Velocimacro : allowInlineLocal = false : VMs defined inline will be global in scope if allowed.
2017-05-19 19:06:18,931 - Velocimacro : autoload off : VM system will not automatically reload global library macros
2017-05-19 19:10:10,123 - Log4JLogChute initialized using file 'velocity.log'
2017-05-19 19:10:10,125 - Velocity was not initialized! Calling init()...
2017-05-19 19:10:10,125 - Starting Apache Velocity v1.5 (compiled: 2007-02-22 08:52:29)
2017-05-19 19:10:10,125 - Default Properties File: org\apache\velocity\runtime\defaults\velocity.properties
2017-05-19 19:10:10,125 - Trying to use logger class org.apache.velocity.runtime.log.AvalonLogChute
2017-05-19 19:10:10,127 - Couldn't find class org.apache.velocity.runtime.log.AvalonLogChute or necessary supporting classes in classpath.
java.lang.NoClassDefFoundError: org/apache/log/format/Formatter
	at java.lang.Class.forName0(Native Method)
	at java.lang.Class.forName(Class.java:348)
	at org.apache.velocity.util.ClassUtils.getClass(ClassUtils.java:63)
	at org.apache.velocity.util.ClassUtils.getNewInstance(ClassUtils.java:95)
	at org.apache.velocity.runtime.log.LogManager.createLogChute(LogManager.java:147)
	at org.apache.velocity.runtime.log.LogManager.updateLog(LogManager.java:208)
	at org.apache.velocity.runtime.RuntimeInstance.initializeLog(RuntimeInstance.java:728)
	at org.apache.velocity.runtime.RuntimeInstance.init(RuntimeInstance.java:240)
	at org.apache.velocity.runtime.RuntimeInstance.parse(RuntimeInstance.java:993)
	at org.apache.velocity.runtime.RuntimeInstance.parse(RuntimeInstance.java:972)
	at org.apache.velocity.runtime.RuntimeSingleton.parse(RuntimeSingleton.java:265)
	at org.apache.velocity.app.Velocity.evaluate(Velocity.java:274)
	at org.sonatype.mavenbook.weather.WeatherFormatter.format(WeatherFormatter.java:23)
	at org.sonatype.mavenbook.weather.yahoo.WeatherFormatterTest.testFormat(WeatherFormatterTest.java:23)
	at sun.reflect.NativeMethodAccessorImpl.invoke0(Native Method)
	at sun.reflect.NativeMethodAccessorImpl.invoke(NativeMethodAccessorImpl.java:62)
	at sun.reflect.DelegatingMethodAccessorImpl.invoke(DelegatingMethodAccessorImpl.java:43)
	at java.lang.reflect.Method.invoke(Method.java:498)
	at junit.framework.TestCase.runTest(TestCase.java:154)
	at junit.framework.TestCase.runBare(TestCase.java:127)
	at junit.framework.TestResult$1.protect(TestResult.java:106)
	at junit.framework.TestResult.runProtected(TestResult.java:124)
	at junit.framework.TestResult.run(TestResult.java:109)
	at junit.framework.TestCase.run(TestCase.java:118)
	at junit.framework.TestSuite.runTest(TestSuite.java:208)
	at junit.framework.TestSuite.run(TestSuite.java:203)
	at sun.reflect.NativeMethodAccessorImpl.invoke0(Native Method)
	at sun.reflect.NativeMethodAccessorImpl.invoke(NativeMethodAccessorImpl.java:62)
	at sun.reflect.DelegatingMethodAccessorImpl.invoke(DelegatingMethodAccessorImpl.java:43)
	at java.lang.reflect.Method.invoke(Method.java:498)
	at org.apache.maven.surefire.junit.JUnitTestSet.execute(JUnitTestSet.java:95)
	at org.apache.maven.surefire.junit.JUnit3Provider.executeTestSet(JUnit3Provider.java:121)
	at org.apache.maven.surefire.junit.JUnit3Provider.invoke(JUnit3Provider.java:98)
	at sun.reflect.NativeMethodAccessorImpl.invoke0(Native Method)
	at sun.reflect.NativeMethodAccessorImpl.invoke(NativeMethodAccessorImpl.java:62)
	at sun.reflect.DelegatingMethodAccessorImpl.invoke(DelegatingMethodAccessorImpl.java:43)
	at java.lang.reflect.Method.invoke(Method.java:498)
	at org.apache.maven.surefire.util.ReflectionUtils.invokeMethodWithArray(ReflectionUtils.java:189)
	at org.apache.maven.surefire.booter.ProviderFactory$ProviderProxy.invoke(ProviderFactory.java:165)
	at org.apache.maven.surefire.booter.ProviderFactory.invokeProvider(ProviderFactory.java:85)
	at org.apache.maven.surefire.booter.ForkedBooter.runSuitesInProcess(ForkedBooter.java:115)
	at org.apache.maven.surefire.booter.ForkedBooter.main(ForkedBooter.java:75)
Caused by: java.lang.ClassNotFoundException: org.apache.log.format.Formatter
	at java.net.URLClassLoader.findClass(URLClassLoader.java:381)
	at java.lang.ClassLoader.loadClass(ClassLoader.java:424)
	at sun.misc.Launcher$AppClassLoader.loadClass(Launcher.java:331)
	at java.lang.ClassLoader.loadClass(ClassLoader.java:357)
	... 42 more
2017-05-19 19:10:10,130 - Trying to use logger class org.apache.velocity.runtime.log.Log4JLogChute
2017-05-19 19:10:10,130 - Using logger class org.apache.velocity.runtime.log.Log4JLogChute
2017-05-19 19:10:10,131 - Default ResourceManager initializing. (class org.apache.velocity.runtime.resource.ResourceManagerImpl)
2017-05-19 19:10:10,133 - ResourceLoader instantiated: org.apache.velocity.runtime.resource.loader.FileResourceLoader
2017-05-19 19:10:10,134 - Do unicode file recognition:  false
2017-05-19 19:10:10,134 - FileResourceLoader : adding path '.'
2017-05-19 19:10:10,142 - ResourceCache: initialized (class org.apache.velocity.runtime.resource.ResourceCacheImpl)
2017-05-19 19:10:10,146 - Loaded System Directive: org.apache.velocity.runtime.directive.Literal
2017-05-19 19:10:10,147 - Loaded System Directive: org.apache.velocity.runtime.directive.Macro
2017-05-19 19:10:10,147 - Loaded System Directive: org.apache.velocity.runtime.directive.Parse
2017-05-19 19:10:10,148 - Loaded System Directive: org.apache.velocity.runtime.directive.Include
2017-05-19 19:10:10,149 - Loaded System Directive: org.apache.velocity.runtime.directive.Foreach
2017-05-19 19:10:10,168 - Created '20' parsers.
2017-05-19 19:10:10,171 - Velocimacro : "velocimacro.library" is not set.  Trying default library: VM_global_library.vm
2017-05-19 19:10:10,173 - Velocimacro : Default library not found.
2017-05-19 19:10:10,173 - Velocimacro : allowInline = true : VMs can be defined inline in templates
2017-05-19 19:10:10,173 - Velocimacro : allowInlineToOverride = false : VMs defined inline may NOT replace previous VM definitions
2017-05-19 19:10:10,173 - Velocimacro : allowInlineLocal = false : VMs defined inline will be global in scope if allowed.
2017-05-19 19:10:10,173 - Velocimacro : autoload off : VM system will not automatically reload global library macros
2017-05-19 19:12:14,503 - Log4JLogChute initialized using file 'velocity.log'
2017-05-19 19:12:14,506 - Velocity was not initialized! Calling init()...
2017-05-19 19:12:14,506 - Starting Apache Velocity v1.5 (compiled: 2007-02-22 08:52:29)
2017-05-19 19:12:14,506 - Default Properties File: org\apache\velocity\runtime\defaults\velocity.properties
2017-05-19 19:12:14,506 - Trying to use logger class org.apache.velocity.runtime.log.AvalonLogChute
2017-05-19 19:12:14,508 - Couldn't find class org.apache.velocity.runtime.log.AvalonLogChute or necessary supporting classes in classpath.
java.lang.NoClassDefFoundError: org/apache/log/format/Formatter
	at java.lang.Class.forName0(Native Method)
	at java.lang.Class.forName(Class.java:348)
	at org.apache.velocity.util.ClassUtils.getClass(ClassUtils.java:63)
	at org.apache.velocity.util.ClassUtils.getNewInstance(ClassUtils.java:95)
	at org.apache.velocity.runtime.log.LogManager.createLogChute(LogManager.java:147)
	at org.apache.velocity.runtime.log.LogManager.updateLog(LogManager.java:208)
	at org.apache.velocity.runtime.RuntimeInstance.initializeLog(RuntimeInstance.java:728)
	at org.apache.velocity.runtime.RuntimeInstance.init(RuntimeInstance.java:240)
	at org.apache.velocity.runtime.RuntimeInstance.parse(RuntimeInstance.java:993)
	at org.apache.velocity.runtime.RuntimeInstance.parse(RuntimeInstance.java:972)
	at org.apache.velocity.runtime.RuntimeSingleton.parse(RuntimeSingleton.java:265)
	at org.apache.velocity.app.Velocity.evaluate(Velocity.java:274)
	at org.sonatype.mavenbook.weather.WeatherFormatter.format(WeatherFormatter.java:23)
	at org.sonatype.mavenbook.weather.yahoo.WeatherFormatterTest.testFormat(WeatherFormatterTest.java:23)
	at sun.reflect.NativeMethodAccessorImpl.invoke0(Native Method)
	at sun.reflect.NativeMethodAccessorImpl.invoke(NativeMethodAccessorImpl.java:62)
	at sun.reflect.DelegatingMethodAccessorImpl.invoke(DelegatingMethodAccessorImpl.java:43)
	at java.lang.reflect.Method.invoke(Method.java:498)
	at junit.framework.TestCase.runTest(TestCase.java:154)
	at junit.framework.TestCase.runBare(TestCase.java:127)
	at junit.framework.TestResult$1.protect(TestResult.java:106)
	at junit.framework.TestResult.runProtected(TestResult.java:124)
	at junit.framework.TestResult.run(TestResult.java:109)
	at junit.framework.TestCase.run(TestCase.java:118)
	at junit.framework.TestSuite.runTest(TestSuite.java:208)
	at junit.framework.TestSuite.run(TestSuite.java:203)
	at sun.reflect.NativeMethodAccessorImpl.invoke0(Native Method)
	at sun.reflect.NativeMethodAccessorImpl.invoke(NativeMethodAccessorImpl.java:62)
	at sun.reflect.DelegatingMethodAccessorImpl.invoke(DelegatingMethodAccessorImpl.java:43)
	at java.lang.reflect.Method.invoke(Method.java:498)
	at org.apache.maven.surefire.junit.JUnitTestSet.execute(JUnitTestSet.java:95)
	at org.apache.maven.surefire.junit.JUnit3Provider.executeTestSet(JUnit3Provider.java:121)
	at org.apache.maven.surefire.junit.JUnit3Provider.invoke(JUnit3Provider.java:98)
	at sun.reflect.NativeMethodAccessorImpl.invoke0(Native Method)
	at sun.reflect.NativeMethodAccessorImpl.invoke(NativeMethodAccessorImpl.java:62)
	at sun.reflect.DelegatingMethodAccessorImpl.invoke(DelegatingMethodAccessorImpl.java:43)
	at java.lang.reflect.Method.invoke(Method.java:498)
	at org.apache.maven.surefire.util.ReflectionUtils.invokeMethodWithArray(ReflectionUtils.java:189)
	at org.apache.maven.surefire.booter.ProviderFactory$ProviderProxy.invoke(ProviderFactory.java:165)
	at org.apache.maven.surefire.booter.ProviderFactory.invokeProvider(ProviderFactory.java:85)
	at org.apache.maven.surefire.booter.ForkedBooter.runSuitesInProcess(ForkedBooter.java:115)
	at org.apache.maven.surefire.booter.ForkedBooter.main(ForkedBooter.java:75)
Caused by: java.lang.ClassNotFoundException: org.apache.log.format.Formatter
	at java.net.URLClassLoader.findClass(URLClassLoader.java:381)
	at java.lang.ClassLoader.loadClass(ClassLoader.java:424)
	at sun.misc.Launcher$AppClassLoader.loadClass(Launcher.java:331)
	at java.lang.ClassLoader.loadClass(ClassLoader.java:357)
	... 42 more
2017-05-19 19:12:14,510 - Trying to use logger class org.apache.velocity.runtime.log.Log4JLogChute
2017-05-19 19:12:14,510 - Using logger class org.apache.velocity.runtime.log.Log4JLogChute
2017-05-19 19:12:14,512 - Default ResourceManager initializing. (class org.apache.velocity.runtime.resource.ResourceManagerImpl)
2017-05-19 19:12:14,514 - ResourceLoader instantiated: org.apache.velocity.runtime.resource.loader.FileResourceLoader
2017-05-19 19:12:14,515 - Do unicode file recognition:  false
2017-05-19 19:12:14,515 - FileResourceLoader : adding path '.'
2017-05-19 19:12:14,523 - ResourceCache: initialized (class org.apache.velocity.runtime.resource.ResourceCacheImpl)
2017-05-19 19:12:14,525 - Loaded System Directive: org.apache.velocity.runtime.directive.Literal
2017-05-19 19:12:14,526 - Loaded System Directive: org.apache.velocity.runtime.directive.Macro
2017-05-19 19:12:14,527 - Loaded System Directive: org.apache.velocity.runtime.directive.Parse
2017-05-19 19:12:14,527 - Loaded System Directive: org.apache.velocity.runtime.directive.Include
2017-05-19 19:12:14,528 - Loaded System Directive: org.apache.velocity.runtime.directive.Foreach
2017-05-19 19:12:14,547 - Created '20' parsers.
2017-05-19 19:12:14,551 - Velocimacro : "velocimacro.library" is not set.  Trying default library: VM_global_library.vm
2017-05-19 19:12:14,551 - Velocimacro : Default library not found.
2017-05-19 19:12:14,551 - Velocimacro : allowInline = true : VMs can be defined inline in templates
2017-05-19 19:12:14,551 - Velocimacro : allowInlineToOverride = false : VMs defined inline may NOT replace previous VM definitions
2017-05-19 19:12:14,551 - Velocimacro : allowInlineLocal = false : VMs defined inline will be global in scope if allowed.
2017-05-19 19:12:14,551 - Velocimacro : autoload off : VM system will not automatically reload global library macros
2017-05-19 19:14:23,548 - Log4JLogChute initialized using file 'velocity.log'
2017-05-19 19:14:23,548 - Velocity was not initialized! Calling init()...
2017-05-19 19:14:23,548 - Starting Apache Velocity v1.5 (compiled: 2007-02-22 08:52:29)
2017-05-19 19:14:23,548 - Default Properties File: org\apache\velocity\runtime\defaults\velocity.properties
2017-05-19 19:14:23,548 - Trying to use logger class org.apache.velocity.runtime.log.AvalonLogChute
2017-05-19 19:14:23,549 - Couldn't find class org.apache.velocity.runtime.log.AvalonLogChute or necessary supporting classes in classpath.
java.lang.NoClassDefFoundError: org/apache/log/format/Formatter
	at java.lang.Class.forName0(Native Method)
	at java.lang.Class.forName(Class.java:348)
	at org.apache.velocity.util.ClassUtils.getClass(ClassUtils.java:63)
	at org.apache.velocity.util.ClassUtils.getNewInstance(ClassUtils.java:95)
	at org.apache.velocity.runtime.log.LogManager.createLogChute(LogManager.java:147)
	at org.apache.velocity.runtime.log.LogManager.updateLog(LogManager.java:208)
	at org.apache.velocity.runtime.RuntimeInstance.initializeLog(RuntimeInstance.java:728)
	at org.apache.velocity.runtime.RuntimeInstance.init(RuntimeInstance.java:240)
	at org.apache.velocity.runtime.RuntimeInstance.parse(RuntimeInstance.java:993)
	at org.apache.velocity.runtime.RuntimeInstance.parse(RuntimeInstance.java:972)
	at org.apache.velocity.runtime.RuntimeSingleton.parse(RuntimeSingleton.java:265)
	at org.apache.velocity.app.Velocity.evaluate(Velocity.java:274)
	at org.sonatype.mavenbook.weather.WeatherFormatter.format(WeatherFormatter.java:23)
	at org.sonatype.mavenbook.weather.Main.start(Main.java:43)
	at org.sonatype.mavenbook.weather.Main.main(Main.java:26)
Caused by: java.lang.ClassNotFoundException: org.apache.log.format.Formatter
	at java.net.URLClassLoader.findClass(URLClassLoader.java:381)
	at java.lang.ClassLoader.loadClass(ClassLoader.java:424)
	at sun.misc.Launcher$AppClassLoader.loadClass(Launcher.java:331)
	at java.lang.ClassLoader.loadClass(ClassLoader.java:357)
	... 15 more
2017-05-19 19:14:23,552 - Trying to use logger class org.apache.velocity.runtime.log.Log4JLogChute
2017-05-19 19:14:23,552 - Using logger class org.apache.velocity.runtime.log.Log4JLogChute
2017-05-19 19:14:23,553 - Default ResourceManager initializing. (class org.apache.velocity.runtime.resource.ResourceManagerImpl)
2017-05-19 19:14:23,555 - ResourceLoader instantiated: org.apache.velocity.runtime.resource.loader.FileResourceLoader
2017-05-19 19:14:23,556 - Do unicode file recognition:  false
2017-05-19 19:14:23,556 - FileResourceLoader : adding path '.'
2017-05-19 19:14:23,561 - ResourceCache: initialized (class org.apache.velocity.runtime.resource.ResourceCacheImpl)
2017-05-19 19:14:23,562 - Loaded System Directive: org.apache.velocity.runtime.directive.Literal
2017-05-19 19:14:23,562 - Loaded System Directive: org.apache.velocity.runtime.directive.Macro
2017-05-19 19:14:23,563 - Loaded System Directive: org.apache.velocity.runtime.directive.Parse
2017-05-19 19:14:23,564 - Loaded System Directive: org.apache.velocity.runtime.directive.Include
2017-05-19 19:14:23,564 - Loaded System Directive: org.apache.velocity.runtime.directive.Foreach
2017-05-19 19:14:23,585 - Created '20' parsers.
2017-05-19 19:14:23,588 - Velocimacro : "velocimacro.library" is not set.  Trying default library: VM_global_library.vm
2017-05-19 19:14:23,588 - Velocimacro : Default library not found.
2017-05-19 19:14:23,588 - Velocimacro : allowInline = true : VMs can be defined inline in templates
2017-05-19 19:14:23,588 - Velocimacro : allowInlineToOverride = false : VMs defined inline may NOT replace previous VM definitions
2017-05-19 19:14:23,588 - Velocimacro : allowInlineLocal = false : VMs defined inline will be global in scope if allowed.
2017-05-19 19:14:23,588 - Velocimacro : autoload off : VM system will not automatically reload global library macros
2017-05-19 19:16:41,497 - Log4JLogChute initialized using file 'velocity.log'
2017-05-19 19:16:41,498 - Velocity was not initialized! Calling init()...
2017-05-19 19:16:41,498 - Starting Apache Velocity v1.5 (compiled: 2007-02-22 08:52:29)
2017-05-19 19:16:41,498 - Default Properties File: org\apache\velocity\runtime\defaults\velocity.properties
2017-05-19 19:16:41,498 - Trying to use logger class org.apache.velocity.runtime.log.AvalonLogChute
2017-05-19 19:16:41,498 - Couldn't find class org.apache.velocity.runtime.log.AvalonLogChute or necessary supporting classes in classpath.
java.lang.NoClassDefFoundError: org/apache/log/format/Formatter
	at java.lang.Class.forName0(Native Method)
	at java.lang.Class.forName(Class.java:348)
	at org.apache.velocity.util.ClassUtils.getClass(ClassUtils.java:63)
	at org.apache.velocity.util.ClassUtils.getNewInstance(ClassUtils.java:95)
	at org.apache.velocity.runtime.log.LogManager.createLogChute(LogManager.java:147)
	at org.apache.velocity.runtime.log.LogManager.updateLog(LogManager.java:208)
	at org.apache.velocity.runtime.RuntimeInstance.initializeLog(RuntimeInstance.java:728)
	at org.apache.velocity.runtime.RuntimeInstance.init(RuntimeInstance.java:240)
	at org.apache.velocity.runtime.RuntimeInstance.parse(RuntimeInstance.java:993)
	at org.apache.velocity.runtime.RuntimeInstance.parse(RuntimeInstance.java:972)
	at org.apache.velocity.runtime.RuntimeSingleton.parse(RuntimeSingleton.java:265)
	at org.apache.velocity.app.Velocity.evaluate(Velocity.java:274)
	at org.sonatype.mavenbook.weather.WeatherFormatter.format(WeatherFormatter.java:23)
	at org.sonatype.mavenbook.weather.Main.start(Main.java:43)
	at org.sonatype.mavenbook.weather.Main.main(Main.java:26)
Caused by: java.lang.ClassNotFoundException: org.apache.log.format.Formatter
	at java.net.URLClassLoader.findClass(URLClassLoader.java:381)
	at java.lang.ClassLoader.loadClass(ClassLoader.java:424)
	at sun.misc.Launcher$AppClassLoader.loadClass(Launcher.java:331)
	at java.lang.ClassLoader.loadClass(ClassLoader.java:357)
	... 15 more
2017-05-19 19:16:41,499 - Trying to use logger class org.apache.velocity.runtime.log.Log4JLogChute
2017-05-19 19:16:41,499 - Using logger class org.apache.velocity.runtime.log.Log4JLogChute
2017-05-19 19:16:41,500 - Default ResourceManager initializing. (class org.apache.velocity.runtime.resource.ResourceManagerImpl)
2017-05-19 19:16:41,503 - ResourceLoader instantiated: org.apache.velocity.runtime.resource.loader.FileResourceLoader
2017-05-19 19:16:41,503 - Do unicode file recognition:  false
2017-05-19 19:16:41,503 - FileResourceLoader : adding path '.'
2017-05-19 19:16:41,508 - ResourceCache: initialized (class org.apache.velocity.runtime.resource.ResourceCacheImpl)
2017-05-19 19:16:41,510 - Loaded System Directive: org.apache.velocity.runtime.directive.Literal
2017-05-19 19:16:41,511 - Loaded System Directive: org.apache.velocity.runtime.directive.Macro
2017-05-19 19:16:41,511 - Loaded System Directive: org.apache.velocity.runtime.directive.Parse
2017-05-19 19:16:41,512 - Loaded System Directive: org.apache.velocity.runtime.directive.Include
2017-05-19 19:16:41,512 - Loaded System Directive: org.apache.velocity.runtime.directive.Foreach
2017-05-19 19:16:41,526 - Created '20' parsers.
2017-05-19 19:16:41,529 - Velocimacro : "velocimacro.library" is not set.  Trying default library: VM_global_library.vm
2017-05-19 19:16:41,529 - Velocimacro : Default library not found.
2017-05-19 19:16:41,529 - Velocimacro : allowInline = true : VMs can be defined inline in templates
2017-05-19 19:16:41,529 - Velocimacro : allowInlineToOverride = false : VMs defined inline may NOT replace previous VM definitions
2017-05-19 19:16:41,529 - Velocimacro : allowInlineLocal = false : VMs defined inline will be global in scope if allowed.
2017-05-19 19:16:41,529 - Velocimacro : autoload off : VM system will not automatically reload global library macros
2017-05-19 19:17:29,998 - Log4JLogChute initialized using file 'velocity.log'
2017-05-19 19:17:29,998 - Velocity was not initialized! Calling init()...
2017-05-19 19:17:29,999 - Starting Apache Velocity v1.5 (compiled: 2007-02-22 08:52:29)
2017-05-19 19:17:29,999 - Default Properties File: org\apache\velocity\runtime\defaults\velocity.properties
2017-05-19 19:17:29,999 - Trying to use logger class org.apache.velocity.runtime.log.AvalonLogChute
2017-05-19 19:17:29,999 - Couldn't find class org.apache.velocity.runtime.log.AvalonLogChute or necessary supporting classes in classpath.
java.lang.NoClassDefFoundError: org/apache/log/format/Formatter
	at java.lang.Class.forName0(Native Method)
	at java.lang.Class.forName(Class.java:348)
	at org.apache.velocity.util.ClassUtils.getClass(ClassUtils.java:63)
	at org.apache.velocity.util.ClassUtils.getNewInstance(ClassUtils.java:95)
	at org.apache.velocity.runtime.log.LogManager.createLogChute(LogManager.java:147)
	at org.apache.velocity.runtime.log.LogManager.updateLog(LogManager.java:208)
	at org.apache.velocity.runtime.RuntimeInstance.initializeLog(RuntimeInstance.java:728)
	at org.apache.velocity.runtime.RuntimeInstance.init(RuntimeInstance.java:240)
	at org.apache.velocity.runtime.RuntimeInstance.parse(RuntimeInstance.java:993)
	at org.apache.velocity.runtime.RuntimeInstance.parse(RuntimeInstance.java:972)
	at org.apache.velocity.runtime.RuntimeSingleton.parse(RuntimeSingleton.java:265)
	at org.apache.velocity.app.Velocity.evaluate(Velocity.java:274)
	at org.sonatype.mavenbook.weather.WeatherFormatter.format(WeatherFormatter.java:23)
	at org.sonatype.mavenbook.weather.Main.start(Main.java:43)
	at org.sonatype.mavenbook.weather.Main.main(Main.java:26)
Caused by: java.lang.ClassNotFoundException: org.apache.log.format.Formatter
	at java.net.URLClassLoader.findClass(URLClassLoader.java:381)
	at java.lang.ClassLoader.loadClass(ClassLoader.java:424)
	at sun.misc.Launcher$AppClassLoader.loadClass(Launcher.java:331)
	at java.lang.ClassLoader.loadClass(ClassLoader.java:357)
	... 15 more
2017-05-19 19:17:30,000 - Trying to use logger class org.apache.velocity.runtime.log.Log4JLogChute
2017-05-19 19:17:30,000 - Using logger class org.apache.velocity.runtime.log.Log4JLogChute
2017-05-19 19:17:30,002 - Default ResourceManager initializing. (class org.apache.velocity.runtime.resource.ResourceManagerImpl)
2017-05-19 19:17:30,004 - ResourceLoader instantiated: org.apache.velocity.runtime.resource.loader.FileResourceLoader
2017-05-19 19:17:30,004 - Do unicode file recognition:  false
2017-05-19 19:17:30,004 - FileResourceLoader : adding path '.'
2017-05-19 19:17:30,010 - ResourceCache: initialized (class org.apache.velocity.runtime.resource.ResourceCacheImpl)
2017-05-19 19:17:30,010 - Loaded System Directive: org.apache.velocity.runtime.directive.Literal
2017-05-19 19:17:30,011 - Loaded System Directive: org.apache.velocity.runtime.directive.Macro
2017-05-19 19:17:30,011 - Loaded System Directive: org.apache.velocity.runtime.directive.Parse
2017-05-19 19:17:30,012 - Loaded System Directive: org.apache.velocity.runtime.directive.Include
2017-05-19 19:17:30,012 - Loaded System Directive: org.apache.velocity.runtime.directive.Foreach
2017-05-19 19:17:30,026 - Created '20' parsers.
2017-05-19 19:17:30,028 - Velocimacro : "velocimacro.library" is not set.  Trying default library: VM_global_library.vm
2017-05-19 19:17:30,028 - Velocimacro : Default library not found.
2017-05-19 19:17:30,028 - Velocimacro : allowInline = true : VMs can be defined inline in templates
2017-05-19 19:17:30,029 - Velocimacro : allowInlineToOverride = false : VMs defined inline may NOT replace previous VM definitions
2017-05-19 19:17:30,029 - Velocimacro : allowInlineLocal = false : VMs defined inline will be global in scope if allowed.
2017-05-19 19:17:30,029 - Velocimacro : autoload off : VM system will not automatically reload global library macros
2017-05-19 19:17:42,876 - Log4JLogChute initialized using file 'velocity.log'
2017-05-19 19:17:42,876 - Velocity was not initialized! Calling init()...
2017-05-19 19:17:42,876 - Starting Apache Velocity v1.5 (compiled: 2007-02-22 08:52:29)
2017-05-19 19:17:42,876 - Default Properties File: org\apache\velocity\runtime\defaults\velocity.properties
2017-05-19 19:17:42,876 - Trying to use logger class org.apache.velocity.runtime.log.AvalonLogChute
2017-05-19 19:17:42,878 - Couldn't find class org.apache.velocity.runtime.log.AvalonLogChute or necessary supporting classes in classpath.
java.lang.NoClassDefFoundError: org/apache/log/format/Formatter
	at java.lang.Class.forName0(Native Method)
	at java.lang.Class.forName(Class.java:348)
	at org.apache.velocity.util.ClassUtils.getClass(ClassUtils.java:63)
	at org.apache.velocity.util.ClassUtils.getNewInstance(ClassUtils.java:95)
	at org.apache.velocity.runtime.log.LogManager.createLogChute(LogManager.java:147)
	at org.apache.velocity.runtime.log.LogManager.updateLog(LogManager.java:208)
	at org.apache.velocity.runtime.RuntimeInstance.initializeLog(RuntimeInstance.java:728)
	at org.apache.velocity.runtime.RuntimeInstance.init(RuntimeInstance.java:240)
	at org.apache.velocity.runtime.RuntimeInstance.parse(RuntimeInstance.java:993)
	at org.apache.velocity.runtime.RuntimeInstance.parse(RuntimeInstance.java:972)
	at org.apache.velocity.runtime.RuntimeSingleton.parse(RuntimeSingleton.java:265)
	at org.apache.velocity.app.Velocity.evaluate(Velocity.java:274)
	at org.sonatype.mavenbook.weather.WeatherFormatter.format(WeatherFormatter.java:23)
	at org.sonatype.mavenbook.weather.Main.start(Main.java:43)
	at org.sonatype.mavenbook.weather.Main.main(Main.java:26)
Caused by: java.lang.ClassNotFoundException: org.apache.log.format.Formatter
	at java.net.URLClassLoader.findClass(URLClassLoader.java:381)
	at java.lang.ClassLoader.loadClass(ClassLoader.java:424)
	at sun.misc.Launcher$AppClassLoader.loadClass(Launcher.java:331)
	at java.lang.ClassLoader.loadClass(ClassLoader.java:357)
	... 15 more
2017-05-19 19:17:42,878 - Trying to use logger class org.apache.velocity.runtime.log.Log4JLogChute
2017-05-19 19:17:42,878 - Using logger class org.apache.velocity.runtime.log.Log4JLogChute
2017-05-19 19:17:42,880 - Default ResourceManager initializing. (class org.apache.velocity.runtime.resource.ResourceManagerImpl)
2017-05-19 19:17:42,883 - ResourceLoader instantiated: org.apache.velocity.runtime.resource.loader.FileResourceLoader
2017-05-19 19:17:42,883 - Do unicode file recognition:  false
2017-05-19 19:17:42,883 - FileResourceLoader : adding path '.'
2017-05-19 19:17:42,887 - ResourceCache: initialized (class org.apache.velocity.runtime.resource.ResourceCacheImpl)
2017-05-19 19:17:42,888 - Loaded System Directive: org.apache.velocity.runtime.directive.Literal
2017-05-19 19:17:42,889 - Loaded System Directive: org.apache.velocity.runtime.directive.Macro
2017-05-19 19:17:42,889 - Loaded System Directive: org.apache.velocity.runtime.directive.Parse
2017-05-19 19:17:42,890 - Loaded System Directive: org.apache.velocity.runtime.directive.Include
2017-05-19 19:17:42,890 - Loaded System Directive: org.apache.velocity.runtime.directive.Foreach
2017-05-19 19:17:42,904 - Created '20' parsers.
2017-05-19 19:17:42,907 - Velocimacro : "velocimacro.library" is not set.  Trying default library: VM_global_library.vm
2017-05-19 19:17:42,907 - Velocimacro : Default library not found.
2017-05-19 19:17:42,907 - Velocimacro : allowInline = true : VMs can be defined inline in templates
2017-05-19 19:17:42,907 - Velocimacro : allowInlineToOverride = false : VMs defined inline may NOT replace previous VM definitions
2017-05-19 19:17:42,907 - Velocimacro : allowInlineLocal = false : VMs defined inline will be global in scope if allowed.
2017-05-19 19:17:42,907 - Velocimacro : autoload off : VM system will not automatically reload global library macros
2017-05-19 19:18:06,440 - Log4JLogChute initialized using file 'velocity.log'
2017-05-19 19:18:06,440 - Velocity was not initialized! Calling init()...
2017-05-19 19:18:06,441 - Starting Apache Velocity v1.5 (compiled: 2007-02-22 08:52:29)
2017-05-19 19:18:06,441 - Default Properties File: org\apache\velocity\runtime\defaults\velocity.properties
2017-05-19 19:18:06,441 - Trying to use logger class org.apache.velocity.runtime.log.AvalonLogChute
2017-05-19 19:18:06,441 - Couldn't find class org.apache.velocity.runtime.log.AvalonLogChute or necessary supporting classes in classpath.
java.lang.NoClassDefFoundError: org/apache/log/format/Formatter
	at java.lang.Class.forName0(Native Method)
	at java.lang.Class.forName(Class.java:348)
	at org.apache.velocity.util.ClassUtils.getClass(ClassUtils.java:63)
	at org.apache.velocity.util.ClassUtils.getNewInstance(ClassUtils.java:95)
	at org.apache.velocity.runtime.log.LogManager.createLogChute(LogManager.java:147)
	at org.apache.velocity.runtime.log.LogManager.updateLog(LogManager.java:208)
	at org.apache.velocity.runtime.RuntimeInstance.initializeLog(RuntimeInstance.java:728)
	at org.apache.velocity.runtime.RuntimeInstance.init(RuntimeInstance.java:240)
	at org.apache.velocity.runtime.RuntimeInstance.parse(RuntimeInstance.java:993)
	at org.apache.velocity.runtime.RuntimeInstance.parse(RuntimeInstance.java:972)
	at org.apache.velocity.runtime.RuntimeSingleton.parse(RuntimeSingleton.java:265)
	at org.apache.velocity.app.Velocity.evaluate(Velocity.java:274)
	at org.sonatype.mavenbook.weather.WeatherFormatter.format(WeatherFormatter.java:23)
	at org.sonatype.mavenbook.weather.Main.start(Main.java:43)
	at org.sonatype.mavenbook.weather.Main.main(Main.java:26)
Caused by: java.lang.ClassNotFoundException: org.apache.log.format.Formatter
	at java.net.URLClassLoader.findClass(URLClassLoader.java:381)
	at java.lang.ClassLoader.loadClass(ClassLoader.java:424)
	at sun.misc.Launcher$AppClassLoader.loadClass(Launcher.java:331)
	at java.lang.ClassLoader.loadClass(ClassLoader.java:357)
	... 15 more
2017-05-19 19:18:06,442 - Trying to use logger class org.apache.velocity.runtime.log.Log4JLogChute
2017-05-19 19:18:06,442 - Using logger class org.apache.velocity.runtime.log.Log4JLogChute
2017-05-19 19:18:06,444 - Default ResourceManager initializing. (class org.apache.velocity.runtime.resource.ResourceManagerImpl)
2017-05-19 19:18:06,446 - ResourceLoader instantiated: org.apache.velocity.runtime.resource.loader.FileResourceLoader
2017-05-19 19:18:06,447 - Do unicode file recognition:  false
2017-05-19 19:18:06,447 - FileResourceLoader : adding path '.'
2017-05-19 19:18:06,453 - ResourceCache: initialized (class org.apache.velocity.runtime.resource.ResourceCacheImpl)
2017-05-19 19:18:06,454 - Loaded System Directive: org.apache.velocity.runtime.directive.Literal
2017-05-19 19:18:06,454 - Loaded System Directive: org.apache.velocity.runtime.directive.Macro
2017-05-19 19:18:06,456 - Loaded System Directive: org.apache.velocity.runtime.directive.Parse
2017-05-19 19:18:06,457 - Loaded System Directive: org.apache.velocity.runtime.directive.Include
2017-05-19 19:18:06,457 - Loaded System Directive: org.apache.velocity.runtime.directive.Foreach
2017-05-19 19:18:06,473 - Created '20' parsers.
2017-05-19 19:18:06,476 - Velocimacro : "velocimacro.library" is not set.  Trying default library: VM_global_library.vm
2017-05-19 19:18:06,477 - Velocimacro : Default library not found.
2017-05-19 19:18:06,477 - Velocimacro : allowInline = true : VMs can be defined inline in templates
2017-05-19 19:18:06,477 - Velocimacro : allowInlineToOverride = false : VMs defined inline may NOT replace previous VM definitions
2017-05-19 19:18:06,477 - Velocimacro : allowInlineLocal = false : VMs defined inline will be global in scope if allowed.
2017-05-19 19:18:06,477 - Velocimacro : autoload off : VM system will not automatically reload global library macros
